Log file open, 05/08/20 21:29:59
LogWindows: Failed to load 'aqProf.dll' (GetLastError=126)
LogWindows: File 'aqProf.dll' does not exist
LogWindows: Failed to load 'VtuneApi.dll' (GetLastError=126)
LogWindows: File 'VtuneApi.dll' does not exist
LogWindows: Failed to load 'VtuneApi32e.dll' (GetLastError=126)
LogWindows: File 'VtuneApi32e.dll' does not exist
LogConsoleResponse: Display: Failed to find resolution value strings in scalability ini. Falling back to default.
LogInit: Display: Running engine for game: CGX2020Project
LogPlatformFile: Not using cached read wrapper
LogTaskGraph: Started task graph with 5 named threads and 23 total threads with 3 sets of task threads.
LogStats: Stats thread started at 0.119510
LogD3D11RHI: Loaded GFSDK_Aftermath_Lib.x64.dll
LogICUInternationalization: ICU TimeZone Detection - Raw Offset: -5:00, Platform Override: ''
LogPluginManager: Mounting plugin Paper2D
LogPluginManager: Mounting plugin AISupport
LogPluginManager: Mounting plugin LightPropagationVolume
LogPluginManager: Mounting plugin ActorLayerUtilities
LogPluginManager: Mounting plugin AnimationSharing
LogPluginManager: Mounting plugin CLionSourceCodeAccess
LogPluginManager: Mounting plugin CodeLiteSourceCodeAccess
LogPluginManager: Mounting plugin GitSourceControl
LogPluginManager: Mounting plugin KDevelopSourceCodeAccess
LogPluginManager: Mounting plugin NullSourceCodeAccess
LogPluginManager: Mounting plugin PerforceSourceControl
LogPluginManager: Mounting plugin PlasticSourceControl
LogPluginManager: Mounting plugin SubversionSourceControl
LogPluginManager: Mounting plugin UObjectPlugin
LogPluginManager: Mounting plugin VisualStudioCodeSourceCodeAccess
LogPluginManager: Mounting plugin VisualStudioSourceCodeAccess
LogPluginManager: Mounting plugin XCodeSourceCodeAccess
LogPluginManager: Mounting plugin AssetManagerEditor
LogPluginManager: Mounting plugin CryptoKeys
LogPluginManager: Mounting plugin CurveEditorTools
LogPluginManager: Mounting plugin DataValidation
LogPluginManager: Mounting plugin FacialAnimation
LogPluginManager: Mounting plugin GameplayTagsEditor
LogPluginManager: Mounting plugin MacGraphicsSwitching
LogPluginManager: Mounting plugin MaterialAnalyzer
LogPluginManager: Mounting plugin MobileLauncherProfileWizard
LogPluginManager: Mounting plugin PluginBrowser
LogPluginManager: Mounting plugin SpeedTreeImporter
LogPluginManager: Mounting plugin DatasmithContent
LogPluginManager: Mounting plugin VariantManagerContent
LogPluginManager: Mounting plugin AlembicImporter
LogPluginManager: Mounting plugin AutomationUtils
LogPluginManager: Mounting plugin BackChannel
LogPluginManager: Mounting plugin CharacterAI
LogPluginManager: Mounting plugin GeometryCache
LogPluginManager: Mounting plugin PlatformCrypto
LogPluginManager: Mounting plugin ProxyLODPlugin
LogPluginManager: Mounting plugin SkeletalReduction
LogPluginManager: Mounting plugin MagicLeap
LogPluginManager: Mounting plugin MagicLeapMedia
LogPluginManager: Mounting plugin MLSDK
LogPluginManager: Mounting plugin AndroidMedia
LogPluginManager: Mounting plugin AvfMedia
LogPluginManager: Mounting plugin ImgMedia
LogPluginManager: Mounting plugin MediaCompositing
LogPluginManager: Mounting plugin MediaPlayerEditor
LogPluginManager: Mounting plugin WebMMedia
LogPluginManager: Mounting plugin WmfMedia
LogPluginManager: Mounting plugin TcpMessaging
LogPluginManager: Mounting plugin UdpMessaging
LogPluginManager: Mounting plugin ActorSequence
LogPluginManager: Mounting plugin LevelSequenceEditor
LogPluginManager: Mounting plugin MatineeToLevelSequence
LogPluginManager: Mounting plugin NetcodeUnitTest
LogPluginManager: Mounting plugin NUTUnrealEngine4
LogPluginManager: Mounting plugin OnlineSubsystemGooglePlay
LogPluginManager: Mounting plugin OnlineSubsystemIOS
LogPluginManager: Mounting plugin OnlineSubsystem
LogPluginManager: Mounting plugin OnlineSubsystemNull
LogPluginManager: Mounting plugin OnlineSubsystemUtils
LogPluginManager: Mounting plugin LauncherChunkInstaller
LogPluginManager: Mounting plugin AndroidDeviceProfileSelector
LogPluginManager: Mounting plugin AndroidMoviePlayer
LogPluginManager: Mounting plugin AndroidPermission
LogPluginManager: Mounting plugin AppleImageUtils
LogPluginManager: Mounting plugin AppleMoviePlayer
LogPluginManager: Mounting plugin ArchVisCharacter
LogPluginManager: Mounting plugin AssetTags
LogPluginManager: Mounting plugin AudioCapture
LogPluginManager: Mounting plugin CableComponent
LogPluginManager: Mounting plugin CustomMeshComponent
LogPluginManager: Mounting plugin EditableMesh
LogPluginManager: Mounting plugin ExampleDeviceProfileSelector
LogPluginManager: Mounting plugin GoogleCloudMessaging
LogPluginManager: Mounting plugin IOSDeviceProfileSelector
LogPluginManager: Mounting plugin LinuxDeviceProfileSelector
LogPluginManager: Mounting plugin LocationServicesBPLibrary
LogPluginManager: Mounting plugin MobilePatchingUtils
LogPluginManager: Mounting plugin OculusVR
LogPluginManager: Mounting plugin PhysXVehicles
LogPluginManager: Mounting plugin PostSplashScreen
LogPluginManager: Mounting plugin ProceduralMeshComponent
LogPluginManager: Mounting plugin RuntimePhysXCooking
LogPluginManager: Mounting plugin SignificanceManager
LogPluginManager: Mounting plugin SteamVR
LogPluginManager: Mounting plugin WebMMoviePlayer
LogPluginManager: Mounting plugin WindowsMoviePlayer
LogPluginManager: Mounting plugin ScreenshotTools
LogInit: Using libcurl 7.55.1-DEV
LogInit:  - built for x86_64-pc-win32
LogInit:  - supports SSL with OpenSSL/1.1.1
LogInit:  - supports HTTP deflate (compression) using libz 1.2.8
LogInit:  - other features:
LogInit:      CURL_VERSION_SSL
LogInit:      CURL_VERSION_LIBZ
LogInit:      CURL_VERSION_IPV6
LogInit:      CURL_VERSION_ASYNCHDNS
LogInit:      CURL_VERSION_LARGEFILE
LogInit:      CURL_VERSION_IDN
LogInit:  CurlRequestOptions (configurable via config and command line):
LogInit:  - bVerifyPeer = true  - Libcurl will verify peer certificate
LogInit:  - bUseHttpProxy = false  - Libcurl will NOT use HTTP proxy
LogInit:  - bDontReuseConnections = false  - Libcurl will reuse connections
LogInit:  - MaxHostConnections = 16  - Libcurl will limit the number of connections to a host
LogInit:  - LocalHostAddr = Default
LogInit:  - BufferSize = 65536
LogOnline: OSS: Creating online subsystem instance for: NULL
LogInit: WinSock: version 1.1 (2.2), MaxSocks=32767, MaxUdp=65467
LogOnline: OSS: TryLoadSubsystemAndSetDefault: Loaded subsystem for module [NULL]
LogInit: Build: ++UE4+Release-4.24-CL-11590370
LogInit: Engine Version: 4.24.3-11590370+++UE4+Release-4.24
LogInit: Compatible Engine Version: 4.24.0-10570792+++UE4+Release-4.24
LogInit: Net CL: 10570792
LogInit: OS: Windows 10 (Release 1809) (), CPU: Intel(R) Core(TM) i7-6700K CPU @ 4.00GHz, GPU: NVIDIA GeForce GTX 1080
LogInit: Compiled (64-bit): Feb 24 2020 15:39:18
LogInit: Compiled with Visual C++: 19.16.27032.01
LogInit: Build Configuration: Development
LogInit: Branch Name: ++UE4+Release-4.24
LogInit: Command Line: 
LogInit: Base Directory: D:/Epic Games/UE_4.24/Engine/Binaries/Win64/
LogInit: Installed Engine Build: 1
LogDevObjectVersion: Number of dev versions registered: 25
LogDevObjectVersion:   Dev-Blueprints (B0D832E4-1F89-4F0D-ACCF-7EB736FD4AA2): 10
LogDevObjectVersion:   Dev-Build (E1C64328-A22C-4D53-A36C-8E866417BD8C): 0
LogDevObjectVersion:   Dev-Core (375EC13C-06E4-48FB-B500-84F0262A717E): 3
LogDevObjectVersion:   Dev-Editor (E4B068ED-F494-42E9-A231-DA0B2E46BB41): 37
LogDevObjectVersion:   Dev-Framework (CFFC743F-43B0-4480-9391-14DF171D2073): 36
LogDevObjectVersion:   Dev-Mobile (B02B49B5-BB20-44E9-A304-32B752E40360): 2
LogDevObjectVersion:   Dev-Networking (A4E4105C-59A1-49B5-A7C5-40C4547EDFEE): 0
LogDevObjectVersion:   Dev-Online (39C831C9-5AE6-47DC-9A44-9C173E1C8E7C): 0
LogDevObjectVersion:   Dev-Physics (78F01B33-EBEA-4F98-B9B4-84EACCB95AA2): 2
LogDevObjectVersion:   Dev-Platform (6631380F-2D4D-43E0-8009-CF276956A95A): 0
LogDevObjectVersion:   Dev-Rendering (12F88B9F-8875-4AFC-A67C-D90C383ABD29): 36
LogDevObjectVersion:   Dev-Sequencer (7B5AE74C-D270-4C10-A958-57980B212A5A): 11
LogDevObjectVersion:   Dev-VR (D7296918-1DD6-4BDD-9DE2-64A83CC13884): 2
LogDevObjectVersion:   Dev-LoadTimes (C2A15278-BFE7-4AFE-6C17-90FF531DF755): 1
LogDevObjectVersion:   Private-Geometry (6EACA3D4-40EC-4CC1-B786-8BED09428FC5): 3
LogDevObjectVersion:   Dev-AnimPhys (29E575DD-E0A3-4627-9D10-D276232CDCEA): 17
LogDevObjectVersion:   Dev-Anim (AF43A65D-7FD3-4947-9873-3E8ED9C1BB05): 2
LogDevObjectVersion:   Dev-ReflectionCapture (6B266CEC-1EC7-4B8F-A30B-E4D90942FC07): 1
LogDevObjectVersion:   Dev-Automation (0DF73D61-A23F-47EA-B727-89E90C41499A): 1
LogDevObjectVersion:   FortniteMain (601D1886-AC64-4F84-AA16-D3DE0DEAC7D6): 31
LogDevObjectVersion:   Dev-Enterprise (9DFFBCD6-494F-0158-E221-12823C92A888): 8
LogDevObjectVersion:   Dev-Niagara (F2AED0AC-9AFE-416F-8664-AA7FFA26D6FC): 1
LogDevObjectVersion:   Dev-Destruction (174F1F0B-B4C6-45A5-B13F-2EE8D0FB917D): 9
LogDevObjectVersion:   Dev-Physics-Ext (35F94A83-E258-406C-A318-09F59610247C): 8
LogDevObjectVersion:   Dev-CineCamera (B2E18506-4273-CFC2-A54E-F4BB758BBA07): 1
LogInit: Presizing for max 25165824 objects, including 0 objects not considered by GC, pre-allocating 0 bytes for permanent pool.
LogInit: Object subsystem initialized
LogConfig: Setting CVar [[con.DebugEarlyDefault:1]]
LogConfig: Setting CVar [[r.setres:1280x720]]
[2020.05.09-01.29.59:527][  0]LogConfig: Setting CVar [[r.VSync:0]]
[2020.05.09-01.29.59:527][  0]LogConfig: Setting CVar [[r.RHICmdBypass:0]]
[2020.05.09-01.29.59:527][  0]LogConfig: Applying CVar settings from Section [/Script/Engine.RendererSettings] File [D:/Repos/CGXGrad2020/CGX2020Project/Saved/Config/Windows/Engine.ini]
[2020.05.09-01.29.59:527][  0]LogConfig: Setting CVar [[r.GPUCrashDebugging:0]]
[2020.05.09-01.29.59:527][  0]LogConfig: Applying CVar settings from Section [/Script/Engine.RendererOverrideSettings] File [D:/Repos/CGXGrad2020/CGX2020Project/Saved/Config/Windows/Engine.ini]
[2020.05.09-01.29.59:527][  0]LogConfig: Applying CVar settings from Section [/Script/Engine.StreamingSettings] File [D:/Repos/CGXGrad2020/CGX2020Project/Saved/Config/Windows/Engine.ini]
[2020.05.09-01.29.59:527][  0]LogConfig: Setting CVar [[s.MinBulkDataSizeForAsyncLoading:131072]]
[2020.05.09-01.29.59:527][  0]LogConfig: Setting CVar [[s.AsyncLoadingThreadEnabled:0]]
[2020.05.09-01.29.59:527][  0]LogConfig: Setting CVar [[s.EventDrivenLoaderEnabled:1]]
[2020.05.09-01.29.59:527][  0]LogConfig: Setting CVar [[s.WarnIfTimeLimitExceeded:0]]
[2020.05.09-01.29.59:527][  0]LogConfig: Setting CVar [[s.TimeLimitExceededMultiplier:1.5]]
[2020.05.09-01.29.59:527][  0]LogConfig: Setting CVar [[s.TimeLimitExceededMinTime:0.005]]
[2020.05.09-01.29.59:527][  0]LogConfig: Setting CVar [[s.UseBackgroundLevelStreaming:1]]
[2020.05.09-01.29.59:527][  0]LogConfig: Setting CVar [[s.PriorityAsyncLoadingExtraTime:15.0]]
[2020.05.09-01.29.59:527][  0]LogConfig: Setting CVar [[s.LevelStreamingActorsUpdateTimeLimit:5.0]]
[2020.05.09-01.29.59:527][  0]LogConfig: Setting CVar [[s.PriorityLevelStreamingActorsUpdateExtraTime:5.0]]
[2020.05.09-01.29.59:527][  0]LogConfig: Setting CVar [[s.LevelStreamingComponentsRegistrationGranularity:10]]
[2020.05.09-01.29.59:527][  0]LogConfig: Setting CVar [[s.UnregisterComponentsTimeLimit:1.0]]
[2020.05.09-01.29.59:527][  0]LogConfig: Setting CVar [[s.LevelStreamingComponentsUnregistrationGranularity:5]]
[2020.05.09-01.29.59:527][  0]LogConfig: Setting CVar [[s.FlushStreamingOnExit:1]]
[2020.05.09-01.29.59:527][  0]LogConfig: Applying CVar settings from Section [/Script/Engine.GarbageCollectionSettings] File [D:/Repos/CGXGrad2020/CGX2020Project/Saved/Config/Windows/Engine.ini]
[2020.05.09-01.29.59:527][  0]LogConfig: Setting CVar [[gc.MaxObjectsNotConsideredByGC:1]]
[2020.05.09-01.29.59:527][  0]LogConfig: Setting CVar [[gc.SizeOfPermanentObjectPool:0]]
[2020.05.09-01.29.59:527][  0]LogConfig: Setting CVar [[gc.FlushStreamingOnGC:0]]
[2020.05.09-01.29.59:527][  0]LogConfig: Setting CVar [[gc.NumRetriesBeforeForcingGC:10]]
[2020.05.09-01.29.59:527][  0]LogConfig: Setting CVar [[gc.AllowParallelGC:1]]
[2020.05.09-01.29.59:527][  0]LogConfig: Setting CVar [[gc.TimeBetweenPurgingPendingKillObjects:61.1]]
[2020.05.09-01.29.59:527][  0]LogConfig: Setting CVar [[gc.MaxObjectsInEditor:25165824]]
[2020.05.09-01.29.59:527][  0]LogConfig: Setting CVar [[gc.IncrementalBeginDestroyEnabled:1]]
[2020.05.09-01.29.59:527][  0]LogConfig: Setting CVar [[gc.CreateGCClusters:1]]
[2020.05.09-01.29.59:527][  0]LogConfig: Setting CVar [[gc.MinGCClusterSize:5]]
[2020.05.09-01.29.59:527][  0]LogConfig: Setting CVar [[gc.ActorClusteringEnabled:0]]
[2020.05.09-01.29.59:527][  0]LogConfig: Setting CVar [[gc.BlueprintClusteringEnabled:0]]
[2020.05.09-01.29.59:527][  0]LogConfig: Setting CVar [[gc.UseDisregardForGCOnDedicatedServers:0]]
[2020.05.09-01.29.59:527][  0]LogConfig: Applying CVar settings from Section [/Script/Engine.NetworkSettings] File [D:/Repos/CGXGrad2020/CGX2020Project/Saved/Config/Windows/Engine.ini]
[2020.05.09-01.29.59:527][  0]LogConfig: Applying CVar settings from Section [/Script/UnrealEd.CookerSettings] File [D:/Repos/CGXGrad2020/CGX2020Project/Saved/Config/Windows/Engine.ini]
[2020.05.09-01.29.59:539][  0]LogConfig: Applying CVar settings from Section [ViewDistanceQuality@3] File [D:/Repos/CGXGrad2020/CGX2020Project/Saved/Config/Windows/Scalability.ini]
[2020.05.09-01.29.59:539][  0]LogConfig: Setting CVar [[r.SkeletalMeshLODBias:0]]
[2020.05.09-01.29.59:539][  0]LogConfig: Setting CVar [[r.ViewDistanceScale:1.0]]
[2020.05.09-01.29.59:539][  0]LogConfig: Applying CVar settings from Section [AntiAliasingQuality@3] File [D:/Repos/CGXGrad2020/CGX2020Project/Saved/Config/Windows/Scalability.ini]
[2020.05.09-01.29.59:539][  0]LogConfig: Setting CVar [[r.PostProcessAAQuality:4]]
[2020.05.09-01.29.59:539][  0]LogConfig: Applying CVar settings from Section [ShadowQuality@3] File [D:/Repos/CGXGrad2020/CGX2020Project/Saved/Config/Windows/Scalability.ini]
[2020.05.09-01.29.59:539][  0]LogConfig: Setting CVar [[r.LightFunctionQuality:1]]
[2020.05.09-01.29.59:539][  0]LogConfig: Setting CVar [[r.ShadowQuality:5]]
[2020.05.09-01.29.59:539][  0]LogConfig: Setting CVar [[r.Shadow.CSM.MaxCascades:10]]
[2020.05.09-01.29.59:539][  0]LogConfig: Setting CVar [[r.Shadow.MaxResolution:2048]]
[2020.05.09-01.29.59:539][  0]LogConfig: Setting CVar [[r.Shadow.MaxCSMResolution:2048]]
[2020.05.09-01.29.59:539][  0]LogConfig: Setting CVar [[r.Shadow.RadiusThreshold:0.01]]
[2020.05.09-01.29.59:539][  0]LogConfig: Setting CVar [[r.Shadow.DistanceScale:1.0]]
[2020.05.09-01.29.59:540][  0]LogConfig: Setting CVar [[r.Shadow.CSM.TransitionScale:1.0]]
[2020.05.09-01.29.59:540][  0]LogConfig: Setting CVar [[r.Shadow.PreShadowResolutionFactor:1.0]]
[2020.05.09-01.29.59:540][  0]LogConfig: Setting CVar [[r.DistanceFieldShadowing:1]]
[2020.05.09-01.29.59:540][  0]LogConfig: Setting CVar [[r.DistanceFieldAO:1]]
[2020.05.09-01.29.59:540][  0]LogConfig: Setting CVar [[r.AOQuality:2]]
[2020.05.09-01.29.59:540][  0]LogConfig: Setting CVar [[r.VolumetricFog:1]]
[2020.05.09-01.29.59:540][  0]LogConfig: Setting CVar [[r.VolumetricFog.GridPixelSize:8]]
[2020.05.09-01.29.59:540][  0]LogConfig: Setting CVar [[r.VolumetricFog.GridSizeZ:128]]
[2020.05.09-01.29.59:540][  0]LogConfig: Setting CVar [[r.VolumetricFog.HistoryMissSupersampleCount:4]]
[2020.05.09-01.29.59:540][  0]LogConfig: Setting CVar [[r.LightMaxDrawDistanceScale:1]]
[2020.05.09-01.29.59:540][  0]LogConfig: Setting CVar [[r.CapsuleShadows:1]]
[2020.05.09-01.29.59:540][  0]LogConfig: Applying CVar settings from Section [PostProcessQuality@3] File [D:/Repos/CGXGrad2020/CGX2020Project/Saved/Config/Windows/Scalability.ini]
[2020.05.09-01.29.59:540][  0]LogConfig: Setting CVar [[r.MotionBlurQuality:4]]
[2020.05.09-01.29.59:540][  0]LogConfig: Setting CVar [[r.AmbientOcclusionMipLevelFactor:0.4]]
[2020.05.09-01.29.59:540][  0]LogConfig: Setting CVar [[r.AmbientOcclusionMaxQuality:100]]
[2020.05.09-01.29.59:540][  0]LogConfig: Setting CVar [[r.AmbientOcclusionLevels:-1]]
[2020.05.09-01.29.59:540][  0]LogConfig: Setting CVar [[r.AmbientOcclusionRadiusScale:1.0]]
[2020.05.09-01.29.59:540][  0]LogConfig: Setting CVar [[r.DepthOfFieldQuality:2]]
[2020.05.09-01.29.59:540][  0]LogConfig: Setting CVar [[r.RenderTargetPoolMin:400]]
[2020.05.09-01.29.59:540][  0]LogConfig: Setting CVar [[r.LensFlareQuality:2]]
[2020.05.09-01.29.59:540][  0]LogConfig: Setting CVar [[r.SceneColorFringeQuality:1]]
[2020.05.09-01.29.59:540][  0]LogConfig: Setting CVar [[r.EyeAdaptationQuality:2]]
[2020.05.09-01.29.59:540][  0]LogConfig: Setting CVar [[r.BloomQuality:5]]
[2020.05.09-01.29.59:540][  0]LogConfig: Setting CVar [[r.FastBlurThreshold:100]]
[2020.05.09-01.29.59:540][  0]LogConfig: Setting CVar [[r.Upscale.Quality:3]]
[2020.05.09-01.29.59:540][  0]LogConfig: Setting CVar [[r.Tonemapper.GrainQuantization:1]]
[2020.05.09-01.29.59:540][  0]LogConfig: Setting CVar [[r.LightShaftQuality:1]]
[2020.05.09-01.29.59:540][  0]LogConfig: Setting CVar [[r.Filter.SizeScale:1]]
[2020.05.09-01.29.59:540][  0]LogConfig: Setting CVar [[r.Tonemapper.Quality:5]]
[2020.05.09-01.29.59:540][  0]LogConfig: Setting CVar [[r.DOF.Gather.AccumulatorQuality:1        ; higher gathering accumulator quality]]
[2020.05.09-01.29.59:540][  0]LogConfig: Setting CVar [[r.DOF.Gather.PostfilterMethod:1          ; Median3x3 postfilering method]]
[2020.05.09-01.29.59:540][  0]LogConfig: Setting CVar [[r.DOF.Gather.EnableBokehSettings:0       ; no bokeh simulation when gathering]]
[2020.05.09-01.29.59:540][  0]LogConfig: Setting CVar [[r.DOF.Gather.RingCount:4                 ; medium number of samples when gathering]]
[2020.05.09-01.29.59:540][  0]LogConfig: Setting CVar [[r.DOF.Scatter.ForegroundCompositing:1    ; additive foreground scattering]]
[2020.05.09-01.29.59:540][  0]LogConfig: Setting CVar [[r.DOF.Scatter.BackgroundCompositing:2    ; additive background scattering]]
[2020.05.09-01.29.59:540][  0]LogConfig: Setting CVar [[r.DOF.Scatter.EnableBokehSettings:1      ; bokeh simulation when scattering]]
[2020.05.09-01.29.59:540][  0]LogConfig: Setting CVar [[r.DOF.Scatter.MaxSpriteRatio:0.1         ; only a maximum of 10% of scattered bokeh]]
[2020.05.09-01.29.59:540][  0]LogConfig: Setting CVar [[r.DOF.Recombine.Quality:1                ; cheap slight out of focus]]
[2020.05.09-01.29.59:540][  0]LogConfig: Setting CVar [[r.DOF.Recombine.EnableBokehSettings:0    ; no bokeh simulation on slight out of focus]]
[2020.05.09-01.29.59:540][  0]LogConfig: Setting CVar [[r.DOF.TemporalAAQuality:1                ; more stable temporal accumulation]]
[2020.05.09-01.29.59:540][  0]LogConfig: Setting CVar [[r.DOF.Kernel.MaxForegroundRadius:0.025]]
[2020.05.09-01.29.59:540][  0]LogConfig: Setting CVar [[r.DOF.Kernel.MaxBackgroundRadius:0.025]]
[2020.05.09-01.29.59:540][  0]LogConfig: Applying CVar settings from Section [TextureQuality@3] File [D:/Repos/CGXGrad2020/CGX2020Project/Saved/Config/Windows/Scalability.ini]
[2020.05.09-01.29.59:540][  0]LogConfig: Setting CVar [[r.Streaming.MipBias:0]]
[2020.05.09-01.29.59:540][  0]LogConfig: Setting CVar [[r.Streaming.AmortizeCPUToGPUCopy:0]]
[2020.05.09-01.29.59:540][  0]LogConfig: Setting CVar [[r.Streaming.MaxNumTexturesToStreamPerFrame:0]]
[2020.05.09-01.29.59:540][  0]LogConfig: Setting CVar [[r.Streaming.Boost:1]]
[2020.05.09-01.29.59:540][  0]LogConfig: Setting CVar [[r.MaxAnisotropy:8]]
[2020.05.09-01.29.59:540][  0]LogConfig: Setting CVar [[r.VT.MaxAnisotropy:8]]
[2020.05.09-01.29.59:540][  0]LogConfig: Setting CVar [[r.Streaming.LimitPoolSizeToVRAM:0]]
[2020.05.09-01.29.59:540][  0]LogConfig: Setting CVar [[r.Streaming.PoolSize:1000]]
[2020.05.09-01.29.59:540][  0]LogConfig: Setting CVar [[r.Streaming.MaxEffectiveScreenSize:0]]
[2020.05.09-01.29.59:540][  0]LogConfig: Applying CVar settings from Section [EffectsQuality@3] File [D:/Repos/CGXGrad2020/CGX2020Project/Saved/Config/Windows/Scalability.ini]
[2020.05.09-01.29.59:540][  0]LogConfig: Setting CVar [[r.TranslucencyLightingVolumeDim:64]]
[2020.05.09-01.29.59:540][  0]LogConfig: Setting CVar [[r.RefractionQuality:2]]
[2020.05.09-01.29.59:540][  0]LogConfig: Setting CVar [[r.SSR.Quality:3]]
[2020.05.09-01.29.59:540][  0]LogConfig: Setting CVar [[r.SSR.HalfResSceneColor:0]]
[2020.05.09-01.29.59:540][  0]LogConfig: Setting CVar [[r.SceneColorFormat:4]]
[2020.05.09-01.29.59:540][  0]LogConfig: Setting CVar [[r.DetailMode:2]]
[2020.05.09-01.29.59:540][  0]LogConfig: Setting CVar [[r.TranslucencyVolumeBlur:1]]
[2020.05.09-01.29.59:540][  0]LogConfig: Setting CVar [[r.MaterialQualityLevel:1 ; High quality]]
[2020.05.09-01.29.59:540][  0]LogConfig: Setting CVar [[r.SSS.Scale:1]]
[2020.05.09-01.29.59:540][  0]LogConfig: Setting CVar [[r.SSS.SampleSet:2]]
[2020.05.09-01.29.59:540][  0]LogConfig: Setting CVar [[r.SSS.Quality:1]]
[2020.05.09-01.29.59:540][  0]LogConfig: Setting CVar [[r.SSS.HalfRes:1]]
[2020.05.09-01.29.59:540][  0]LogConfig: Setting CVar [[r.SSGI.Quality:3]]
[2020.05.09-01.29.59:540][  0]LogConfig: Setting CVar [[r.EmitterSpawnRateScale:1.0]]
[2020.05.09-01.29.59:540][  0]LogConfig: Setting CVar [[r.ParticleLightQuality:2]]
[2020.05.09-01.29.59:540][  0]LogConfig: Setting CVar [[r.SkyAtmosphere.AerialPerspectiveLUT.FastApplyOnOpaque:1 ; Always have FastSkyLUT 1 in this case to avoid wrong sky]]
[2020.05.09-01.29.59:540][  0]LogConfig: Setting CVar [[r.SkyAtmosphere.AerialPerspectiveLUT.SampleCountPerSlice:1]]
[2020.05.09-01.29.59:540][  0]LogConfig: Setting CVar [[r.SkyAtmosphere.AerialPerspectiveLUT.DepthResolution:16.0]]
[2020.05.09-01.29.59:540][  0]LogConfig: Setting CVar [[r.SkyAtmosphere.FastSkyLUT:1]]
[2020.05.09-01.29.59:540][  0]LogConfig: Setting CVar [[r.SkyAtmosphere.FastSkyLUT.SampleCountMin:4.0]]
[2020.05.09-01.29.59:540][  0]LogConfig: Setting CVar [[r.SkyAtmosphere.FastSkyLUT.SampleCountMax:32.0]]
[2020.05.09-01.29.59:540][  0]LogConfig: Setting CVar [[r.SkyAtmosphere.SampleCountMin:4.0]]
[2020.05.09-01.29.59:541][  0]LogConfig: Setting CVar [[r.SkyAtmosphere.SampleCountMax:32.0]]
[2020.05.09-01.29.59:541][  0]LogConfig: Setting CVar [[r.SkyAtmosphere.TransmittanceLUT.UseSmallFormat:0]]
[2020.05.09-01.29.59:541][  0]LogConfig: Setting CVar [[r.SkyAtmosphere.TransmittanceLUT.SampleCount:10.0]]
[2020.05.09-01.29.59:541][  0]LogConfig: Setting CVar [[r.SkyAtmosphere.MultiScatteringLUT.SampleCount:15.0]]
[2020.05.09-01.29.59:541][  0]LogConfig: Applying CVar settings from Section [FoliageQuality@3] File [D:/Repos/CGXGrad2020/CGX2020Project/Saved/Config/Windows/Scalability.ini]
[2020.05.09-01.29.59:541][  0]LogConfig: Setting CVar [[foliage.DensityScale:1.0]]
[2020.05.09-01.29.59:541][  0]LogConfig: Setting CVar [[grass.DensityScale:1.0]]
[2020.05.09-01.29.59:541][  0]LogConfig: Applying CVar settings from Section [ShadingQuality@3] File [D:/Repos/CGXGrad2020/CGX2020Project/Saved/Config/Windows/Scalability.ini]
[2020.05.09-01.29.59:541][  0]LogConfig: Setting CVar [[r.HairStrands.SkyLighting.SampleCount:16]]
[2020.05.09-01.29.59:541][  0]LogConfig: Setting CVar [[r.HairStrands.SkyLighting.JitterIntegration:0]]
[2020.05.09-01.29.59:541][  0]LogConfig: Setting CVar [[r.HairStrands.SkyAO.SampleCount:16]]
[2020.05.09-01.29.59:541][  0]LogInit: Selected Device Profile: [Windows]
[2020.05.09-01.29.59:541][  0]LogInit: Applying CVar settings loaded from the selected device profile: [Windows]
[2020.05.09-01.29.59:544][  0]LogHAL: Display: Platform has ~ 16 GB [17134907392 / 17179869184 / 16], which maps to Larger [LargestMinGB=32, LargerMinGB=12, DefaultMinGB=8, SmallerMinGB=6, SmallestMinGB=0)
[2020.05.09-01.29.59:544][  0]LogInit: Going up to parent DeviceProfile []
[2020.05.09-01.29.59:545][  0]LogConfig: Applying CVar settings from Section [ViewDistanceQuality@3] File [D:/Repos/CGXGrad2020/CGX2020Project/Saved/Config/Windows/Scalability.ini]
[2020.05.09-01.29.59:545][  0]LogConfig: Setting CVar [[r.SkeletalMeshLODBias:0]]
[2020.05.09-01.29.59:545][  0]LogConfig: Setting CVar [[r.ViewDistanceScale:1.0]]
[2020.05.09-01.29.59:545][  0]LogConfig: Applying CVar settings from Section [AntiAliasingQuality@3] File [D:/Repos/CGXGrad2020/CGX2020Project/Saved/Config/Windows/Scalability.ini]
[2020.05.09-01.29.59:545][  0]LogConfig: Setting CVar [[r.PostProcessAAQuality:4]]
[2020.05.09-01.29.59:545][  0]LogConfig: Applying CVar settings from Section [ShadowQuality@3] File [D:/Repos/CGXGrad2020/CGX2020Project/Saved/Config/Windows/Scalability.ini]
[2020.05.09-01.29.59:545][  0]LogConfig: Setting CVar [[r.LightFunctionQuality:1]]
[2020.05.09-01.29.59:545][  0]LogConfig: Setting CVar [[r.ShadowQuality:5]]
[2020.05.09-01.29.59:545][  0]LogConfig: Setting CVar [[r.Shadow.CSM.MaxCascades:10]]
[2020.05.09-01.29.59:545][  0]LogConfig: Setting CVar [[r.Shadow.MaxResolution:2048]]
[2020.05.09-01.29.59:545][  0]LogConfig: Setting CVar [[r.Shadow.MaxCSMResolution:2048]]
[2020.05.09-01.29.59:545][  0]LogConfig: Setting CVar [[r.Shadow.RadiusThreshold:0.01]]
[2020.05.09-01.29.59:545][  0]LogConfig: Setting CVar [[r.Shadow.DistanceScale:1.0]]
[2020.05.09-01.29.59:545][  0]LogConfig: Setting CVar [[r.Shadow.CSM.TransitionScale:1.0]]
[2020.05.09-01.29.59:545][  0]LogConfig: Setting CVar [[r.Shadow.PreShadowResolutionFactor:1.0]]
[2020.05.09-01.29.59:545][  0]LogConfig: Setting CVar [[r.DistanceFieldShadowing:1]]
[2020.05.09-01.29.59:545][  0]LogConfig: Setting CVar [[r.DistanceFieldAO:1]]
[2020.05.09-01.29.59:545][  0]LogConfig: Setting CVar [[r.AOQuality:2]]
[2020.05.09-01.29.59:545][  0]LogConfig: Setting CVar [[r.VolumetricFog:1]]
[2020.05.09-01.29.59:545][  0]LogConfig: Setting CVar [[r.VolumetricFog.GridPixelSize:8]]
[2020.05.09-01.29.59:545][  0]LogConfig: Setting CVar [[r.VolumetricFog.GridSizeZ:128]]
[2020.05.09-01.29.59:545][  0]LogConfig: Setting CVar [[r.VolumetricFog.HistoryMissSupersampleCount:4]]
[2020.05.09-01.29.59:545][  0]LogConfig: Setting CVar [[r.LightMaxDrawDistanceScale:1]]
[2020.05.09-01.29.59:545][  0]LogConfig: Setting CVar [[r.CapsuleShadows:1]]
[2020.05.09-01.29.59:545][  0]LogConfig: Applying CVar settings from Section [PostProcessQuality@3] File [D:/Repos/CGXGrad2020/CGX2020Project/Saved/Config/Windows/Scalability.ini]
[2020.05.09-01.29.59:545][  0]LogConfig: Setting CVar [[r.MotionBlurQuality:4]]
[2020.05.09-01.29.59:545][  0]LogConfig: Setting CVar [[r.AmbientOcclusionMipLevelFactor:0.4]]
[2020.05.09-01.29.59:545][  0]LogConfig: Setting CVar [[r.AmbientOcclusionMaxQuality:100]]
[2020.05.09-01.29.59:545][  0]LogConfig: Setting CVar [[r.AmbientOcclusionLevels:-1]]
[2020.05.09-01.29.59:545][  0]LogConfig: Setting CVar [[r.AmbientOcclusionRadiusScale:1.0]]
[2020.05.09-01.29.59:545][  0]LogConfig: Setting CVar [[r.DepthOfFieldQuality:2]]
[2020.05.09-01.29.59:545][  0]LogConfig: Setting CVar [[r.RenderTargetPoolMin:400]]
[2020.05.09-01.29.59:545][  0]LogConfig: Setting CVar [[r.LensFlareQuality:2]]
[2020.05.09-01.29.59:545][  0]LogConfig: Setting CVar [[r.SceneColorFringeQuality:1]]
[2020.05.09-01.29.59:545][  0]LogConfig: Setting CVar [[r.EyeAdaptationQuality:2]]
[2020.05.09-01.29.59:545][  0]LogConfig: Setting CVar [[r.BloomQuality:5]]
[2020.05.09-01.29.59:545][  0]LogConfig: Setting CVar [[r.FastBlurThreshold:100]]
[2020.05.09-01.29.59:545][  0]LogConfig: Setting CVar [[r.Upscale.Quality:3]]
[2020.05.09-01.29.59:545][  0]LogConfig: Setting CVar [[r.Tonemapper.GrainQuantization:1]]
[2020.05.09-01.29.59:545][  0]LogConfig: Setting CVar [[r.LightShaftQuality:1]]
[2020.05.09-01.29.59:545][  0]LogConfig: Setting CVar [[r.Filter.SizeScale:1]]
[2020.05.09-01.29.59:545][  0]LogConfig: Setting CVar [[r.Tonemapper.Quality:5]]
[2020.05.09-01.29.59:545][  0]LogConfig: Setting CVar [[r.DOF.Gather.AccumulatorQuality:1        ; higher gathering accumulator quality]]
[2020.05.09-01.29.59:545][  0]LogConfig: Setting CVar [[r.DOF.Gather.PostfilterMethod:1          ; Median3x3 postfilering method]]
[2020.05.09-01.29.59:545][  0]LogConfig: Setting CVar [[r.DOF.Gather.EnableBokehSettings:0       ; no bokeh simulation when gathering]]
[2020.05.09-01.29.59:545][  0]LogConfig: Setting CVar [[r.DOF.Gather.RingCount:4                 ; medium number of samples when gathering]]
[2020.05.09-01.29.59:545][  0]LogConfig: Setting CVar [[r.DOF.Scatter.ForegroundCompositing:1    ; additive foreground scattering]]
[2020.05.09-01.29.59:545][  0]LogConfig: Setting CVar [[r.DOF.Scatter.BackgroundCompositing:2    ; additive background scattering]]
[2020.05.09-01.29.59:545][  0]LogConfig: Setting CVar [[r.DOF.Scatter.EnableBokehSettings:1      ; bokeh simulation when scattering]]
[2020.05.09-01.29.59:545][  0]LogConfig: Setting CVar [[r.DOF.Scatter.MaxSpriteRatio:0.1         ; only a maximum of 10% of scattered bokeh]]
[2020.05.09-01.29.59:545][  0]LogConfig: Setting CVar [[r.DOF.Recombine.Quality:1                ; cheap slight out of focus]]
[2020.05.09-01.29.59:545][  0]LogConfig: Setting CVar [[r.DOF.Recombine.EnableBokehSettings:0    ; no bokeh simulation on slight out of focus]]
[2020.05.09-01.29.59:545][  0]LogConfig: Setting CVar [[r.DOF.TemporalAAQuality:1                ; more stable temporal accumulation]]
[2020.05.09-01.29.59:545][  0]LogConfig: Setting CVar [[r.DOF.Kernel.MaxForegroundRadius:0.025]]
[2020.05.09-01.29.59:545][  0]LogConfig: Setting CVar [[r.DOF.Kernel.MaxBackgroundRadius:0.025]]
[2020.05.09-01.29.59:545][  0]LogConfig: Applying CVar settings from Section [TextureQuality@3] File [D:/Repos/CGXGrad2020/CGX2020Project/Saved/Config/Windows/Scalability.ini]
[2020.05.09-01.29.59:545][  0]LogConfig: Setting CVar [[r.Streaming.MipBias:0]]
[2020.05.09-01.29.59:545][  0]LogConfig: Setting CVar [[r.Streaming.AmortizeCPUToGPUCopy:0]]
[2020.05.09-01.29.59:545][  0]LogConfig: Setting CVar [[r.Streaming.MaxNumTexturesToStreamPerFrame:0]]
[2020.05.09-01.29.59:545][  0]LogConfig: Setting CVar [[r.Streaming.Boost:1]]
[2020.05.09-01.29.59:545][  0]LogConfig: Setting CVar [[r.MaxAnisotropy:8]]
[2020.05.09-01.29.59:545][  0]LogConfig: Setting CVar [[r.VT.MaxAnisotropy:8]]
[2020.05.09-01.29.59:545][  0]LogConfig: Setting CVar [[r.Streaming.LimitPoolSizeToVRAM:0]]
[2020.05.09-01.29.59:545][  0]LogConfig: Setting CVar [[r.Streaming.PoolSize:1000]]
[2020.05.09-01.29.59:545][  0]LogConfig: Setting CVar [[r.Streaming.MaxEffectiveScreenSize:0]]
[2020.05.09-01.29.59:545][  0]LogConfig: Applying CVar settings from Section [EffectsQuality@3] File [D:/Repos/CGXGrad2020/CGX2020Project/Saved/Config/Windows/Scalability.ini]
[2020.05.09-01.29.59:545][  0]LogConfig: Setting CVar [[r.TranslucencyLightingVolumeDim:64]]
[2020.05.09-01.29.59:545][  0]LogConfig: Setting CVar [[r.RefractionQuality:2]]
[2020.05.09-01.29.59:545][  0]LogConfig: Setting CVar [[r.SSR.Quality:3]]
[2020.05.09-01.29.59:545][  0]LogConfig: Setting CVar [[r.SSR.HalfResSceneColor:0]]
[2020.05.09-01.29.59:545][  0]LogConfig: Setting CVar [[r.SceneColorFormat:4]]
[2020.05.09-01.29.59:545][  0]LogConfig: Setting CVar [[r.DetailMode:2]]
[2020.05.09-01.29.59:545][  0]LogConfig: Setting CVar [[r.TranslucencyVolumeBlur:1]]
[2020.05.09-01.29.59:545][  0]LogConfig: Setting CVar [[r.MaterialQualityLevel:1 ; High quality]]
[2020.05.09-01.29.59:545][  0]LogConfig: Setting CVar [[r.SSS.Scale:1]]
[2020.05.09-01.29.59:545][  0]LogConfig: Setting CVar [[r.SSS.SampleSet:2]]
[2020.05.09-01.29.59:545][  0]LogConfig: Setting CVar [[r.SSS.Quality:1]]
[2020.05.09-01.29.59:546][  0]LogConfig: Setting CVar [[r.SSS.HalfRes:1]]
[2020.05.09-01.29.59:546][  0]LogConfig: Setting CVar [[r.SSGI.Quality:3]]
[2020.05.09-01.29.59:546][  0]LogConfig: Setting CVar [[r.EmitterSpawnRateScale:1.0]]
[2020.05.09-01.29.59:546][  0]LogConfig: Setting CVar [[r.ParticleLightQuality:2]]
[2020.05.09-01.29.59:546][  0]LogConfig: Setting CVar [[r.SkyAtmosphere.AerialPerspectiveLUT.FastApplyOnOpaque:1 ; Always have FastSkyLUT 1 in this case to avoid wrong sky]]
[2020.05.09-01.29.59:546][  0]LogConfig: Setting CVar [[r.SkyAtmosphere.AerialPerspectiveLUT.SampleCountPerSlice:1]]
[2020.05.09-01.29.59:546][  0]LogConfig: Setting CVar [[r.SkyAtmosphere.AerialPerspectiveLUT.DepthResolution:16.0]]
[2020.05.09-01.29.59:546][  0]LogConfig: Setting CVar [[r.SkyAtmosphere.FastSkyLUT:1]]
[2020.05.09-01.29.59:546][  0]LogConfig: Setting CVar [[r.SkyAtmosphere.FastSkyLUT.SampleCountMin:4.0]]
[2020.05.09-01.29.59:546][  0]LogConfig: Setting CVar [[r.SkyAtmosphere.FastSkyLUT.SampleCountMax:32.0]]
[2020.05.09-01.29.59:546][  0]LogConfig: Setting CVar [[r.SkyAtmosphere.SampleCountMin:4.0]]
[2020.05.09-01.29.59:546][  0]LogConfig: Setting CVar [[r.SkyAtmosphere.SampleCountMax:32.0]]
[2020.05.09-01.29.59:546][  0]LogConfig: Setting CVar [[r.SkyAtmosphere.TransmittanceLUT.UseSmallFormat:0]]
[2020.05.09-01.29.59:546][  0]LogConfig: Setting CVar [[r.SkyAtmosphere.TransmittanceLUT.SampleCount:10.0]]
[2020.05.09-01.29.59:546][  0]LogConfig: Setting CVar [[r.SkyAtmosphere.MultiScatteringLUT.SampleCount:15.0]]
[2020.05.09-01.29.59:546][  0]LogConfig: Applying CVar settings from Section [FoliageQuality@3] File [D:/Repos/CGXGrad2020/CGX2020Project/Saved/Config/Windows/Scalability.ini]
[2020.05.09-01.29.59:546][  0]LogConfig: Setting CVar [[foliage.DensityScale:1.0]]
[2020.05.09-01.29.59:546][  0]LogConfig: Setting CVar [[grass.DensityScale:1.0]]
[2020.05.09-01.29.59:546][  0]LogConfig: Applying CVar settings from Section [ShadingQuality@3] File [D:/Repos/CGXGrad2020/CGX2020Project/Saved/Config/Windows/Scalability.ini]
[2020.05.09-01.29.59:546][  0]LogConfig: Setting CVar [[r.HairStrands.SkyLighting.SampleCount:16]]
[2020.05.09-01.29.59:546][  0]LogConfig: Setting CVar [[r.HairStrands.SkyLighting.JitterIntegration:0]]
[2020.05.09-01.29.59:546][  0]LogConfig: Setting CVar [[r.HairStrands.SkyAO.SampleCount:16]]
[2020.05.09-01.29.59:546][  0]LogConfig: Applying CVar settings from Section [Startup] File [../../../Engine/Config/ConsoleVariables.ini]
[2020.05.09-01.29.59:546][  0]LogConfig: Setting CVar [[net.UseAdaptiveNetUpdateFrequency:0]]
[2020.05.09-01.29.59:546][  0]LogConfig: Setting CVar [[p.chaos.AllowCreatePhysxBodies:1]]
[2020.05.09-01.29.59:546][  0]LogConfig: Applying CVar settings from Section [ConsoleVariables] File [D:/Repos/CGXGrad2020/CGX2020Project/Saved/Config/Windows/Engine.ini]
[2020.05.09-01.29.59:546][  0]LogInit: Computer: JNUKSTORMDRAGON
[2020.05.09-01.29.59:546][  0]LogInit: User: ElvanthosStormDragon
[2020.05.09-01.29.59:546][  0]LogInit: CPU Page size=4096, Cores=4
[2020.05.09-01.29.59:546][  0]LogInit: High frequency timer resolution =10.000000 MHz
[2020.05.09-01.29.59:546][  0]LogMemory: Memory total: Physical=16.0GB (16GB approx)
[2020.05.09-01.29.59:546][  0]LogMemory: Platform Memory Stats for Windows
[2020.05.09-01.29.59:546][  0]LogMemory: Process Physical Memory: 105.82 MB used, 105.83 MB peak
[2020.05.09-01.29.59:546][  0]LogMemory: Process Virtual Memory: 100.62 MB used, 100.62 MB peak
[2020.05.09-01.29.59:546][  0]LogMemory: Physical Memory: 8046.63 MB used,  8294.50 MB free, 16341.12 MB total
[2020.05.09-01.29.59:546][  0]LogMemory: Virtual Memory: 5117.66 MB used,  134212608.00 MB free, 134217728.00 MB total
[2020.05.09-01.30.00:063][  0]LogWindows: WindowsPlatformFeatures enabled
[2020.05.09-01.30.00:094][  0]LogInit: Using OS detected language (en-GB).
[2020.05.09-01.30.00:094][  0]LogInit: Using OS detected locale (en-CA).
[2020.05.09-01.30.00:097][  0]LogTextLocalizationManager: No specific localization for 'en-GB' exists, so the 'en' localization will be used.
[2020.05.09-01.30.00:331][  0]LogInit: Setting process to per monitor DPI aware
[2020.05.09-01.30.00:424][  0]LogSlate: New Slate User Created.  User Index 0, Is Virtual User: 0
[2020.05.09-01.30.00:424][  0]LogSlate: Slate User Registered.  User Index 0, Is Virtual User: 0
[2020.05.09-01.30.00:835][  0]LogHMD: Failed to initialize OpenVR with code 110
[2020.05.09-01.30.00:835][  0]LogD3D11RHI: D3D11 min allowed feature level: 11_0
[2020.05.09-01.30.00:835][  0]LogD3D11RHI: D3D11 max allowed feature level: 11_0
[2020.05.09-01.30.00:835][  0]LogD3D11RHI: D3D11 adapters:
[2020.05.09-01.30.00:902][  0]LogD3D11RHI:    0. 'NVIDIA GeForce GTX 1080' (Feature Level 11_0)
[2020.05.09-01.30.00:902][  0]LogD3D11RHI:       8079/0/8170 MB DedicatedVideo/DedicatedSystem/SharedSystem, Outputs:3, VendorId:0x10de
[2020.05.09-01.30.00:905][  0]LogD3D11RHI:    1. 'Microsoft Basic Render Driver' (Feature Level 11_0)
[2020.05.09-01.30.00:905][  0]LogD3D11RHI:       0/0/8170 MB DedicatedVideo/DedicatedSystem/SharedSystem, Outputs:0, VendorId:0x1414
[2020.05.09-01.30.00:908][  0]LogD3D11RHI:    2. 'Microsoft Basic Render Driver' (Feature Level 11_0)
[2020.05.09-01.30.00:908][  0]LogD3D11RHI:       0/0/8170 MB DedicatedVideo/DedicatedSystem/SharedSystem, Outputs:0, VendorId:0x1414
[2020.05.09-01.30.00:908][  0]LogD3D11RHI: Chosen D3D11 Adapter: 0
[2020.05.09-01.30.00:925][  0]LogD3D11RHI: Creating new Direct3DDevice
[2020.05.09-01.30.00:925][  0]LogD3D11RHI:     GPU DeviceId: 0x1b80 (for the marketing name, search the web for "GPU Device Id")
[2020.05.09-01.30.00:925][  0]LogWindows: EnumDisplayDevices:
[2020.05.09-01.30.00:925][  0]LogWindows:    0. 'NVIDIA GeForce GTX 1080' (P:1 D:1)
[2020.05.09-01.30.00:926][  0]LogWindows:    1. 'NVIDIA GeForce GTX 1080' (P:0 D:1)
[2020.05.09-01.30.00:926][  0]LogWindows:    2. 'NVIDIA GeForce GTX 1080' (P:0 D:1)
[2020.05.09-01.30.00:927][  0]LogWindows:    3. 'NVIDIA GeForce GTX 1080' (P:0 D:0)
[2020.05.09-01.30.00:927][  0]LogWindows:    4. 'DisplayLink USB Device' (P:0 D:0)
[2020.05.09-01.30.00:927][  0]LogWindows: DebugString: GetVideoDriverDetailsInvalid PrimaryIsNotTheChoosenAdapter FoundDriverCount:4 
[2020.05.09-01.30.00:927][  0]LogD3D11RHI:     Adapter Name: NVIDIA GeForce GTX 1080
[2020.05.09-01.30.00:927][  0]LogD3D11RHI:   Driver Version: 432.00 (internal:26.21.14.3200, unified:432.00)
[2020.05.09-01.30.00:927][  0]LogD3D11RHI:      Driver Date: 7-24-2019
[2020.05.09-01.30.00:927][  0]LogRHI: Texture pool is 5655 MB (70% of 8079 MB)
[2020.05.09-01.30.00:971][  0]LogD3D11RHI: RHI has support for 64 bit atomics
[2020.05.09-01.30.00:971][  0]LogD3D11RHI: Async texture creation enabled
[2020.05.09-01.30.01:088][  0]LogD3D11RHI: GPU Timing Frequency: 1000.000000 (Debug: 2 1)
[2020.05.09-01.30.01:651][  0]LogTargetPlatformManager: Display: Loaded TargetPlatform 'AllDesktop'
[2020.05.09-01.30.01:686][  0]LogTargetPlatformManager: Display: Loaded TargetPlatform 'Android'
[2020.05.09-01.30.01:686][  0]LogTargetPlatformManager: Display: Loaded TargetPlatform 'Android_ASTC'
[2020.05.09-01.30.01:686][  0]LogTargetPlatformManager: Display: Loaded TargetPlatform 'Android_ATC'
[2020.05.09-01.30.01:686][  0]LogTargetPlatformManager: Display: Loaded TargetPlatform 'Android_DXT'
[2020.05.09-01.30.01:686][  0]LogTargetPlatformManager: Display: Loaded TargetPlatform 'Android_ETC1'
[2020.05.09-01.30.01:686][  0]LogTargetPlatformManager: Display: Loaded TargetPlatform 'Android_ETC1a'
[2020.05.09-01.30.01:686][  0]LogTargetPlatformManager: Display: Loaded TargetPlatform 'Android_ETC2'
[2020.05.09-01.30.01:686][  0]LogTargetPlatformManager: Display: Loaded TargetPlatform 'Android_PVRTC'
[2020.05.09-01.30.01:686][  0]LogTargetPlatformManager: Display: Loaded TargetPlatform 'AndroidClient'
[2020.05.09-01.30.01:687][  0]LogTargetPlatformManager: Display: Loaded TargetPlatform 'Android_ASTCClient'
[2020.05.09-01.30.01:687][  0]LogTargetPlatformManager: Display: Loaded TargetPlatform 'Android_ATCClient'
[2020.05.09-01.30.01:687][  0]LogTargetPlatformManager: Display: Loaded TargetPlatform 'Android_DXTClient'
[2020.05.09-01.30.01:687][  0]LogTargetPlatformManager: Display: Loaded TargetPlatform 'Android_ETC1Client'
[2020.05.09-01.30.01:687][  0]LogTargetPlatformManager: Display: Loaded TargetPlatform 'Android_ETC1aClient'
[2020.05.09-01.30.01:687][  0]LogTargetPlatformManager: Display: Loaded TargetPlatform 'Android_ETC2Client'
[2020.05.09-01.30.01:687][  0]LogTargetPlatformManager: Display: Loaded TargetPlatform 'Android_PVRTCClient'
[2020.05.09-01.30.01:687][  0]LogTargetPlatformManager: Display: Loaded TargetPlatform 'Android_Multi'
[2020.05.09-01.30.01:687][  0]LogTargetPlatformManager: Display: Loaded TargetPlatform 'Android_MultiClient'
[2020.05.09-01.30.01:708][  0]LogTargetPlatformManager: Display: Loaded TargetPlatform 'IOSClient'
[2020.05.09-01.30.01:708][  0]LogTargetPlatformManager: Display: Loaded TargetPlatform 'IOS'
[2020.05.09-01.30.01:715][  0]LogTargetPlatformManager: Display: Loaded TargetPlatform 'LinuxNoEditor'
[2020.05.09-01.30.01:724][  0]LogTargetPlatformManager: Display: Loaded TargetPlatform 'LinuxClient'
[2020.05.09-01.30.01:733][  0]LogTargetPlatformManager: Display: Loaded TargetPlatform 'LinuxServer'
[2020.05.09-01.30.01:742][  0]LogTargetPlatformManager: Display: Loaded TargetPlatform 'LinuxAArch64NoEditor'
[2020.05.09-01.30.01:749][  0]LogTargetPlatformManager: Display: Loaded TargetPlatform 'LinuxAArch64Client'
[2020.05.09-01.30.01:757][  0]LogTargetPlatformManager: Display: Loaded TargetPlatform 'LinuxAArch64Server'
[2020.05.09-01.30.01:785][  0]LogTargetPlatformManager: Display: Loaded TargetPlatform 'Lumin'
[2020.05.09-01.30.01:785][  0]LogTargetPlatformManager: Display: Loaded TargetPlatform 'LuminClient'
[2020.05.09-01.30.01:800][  0]LogTargetPlatformManager: Display: Loaded TargetPlatform 'TVOSClient'
[2020.05.09-01.30.01:800][  0]LogTargetPlatformManager: Display: Loaded TargetPlatform 'TVOS'
[2020.05.09-01.30.01:808][  0]LogTargetPlatformManager: Display: Loaded TargetPlatform 'WindowsNoEditor'
[2020.05.09-01.30.01:816][  0]LogTargetPlatformManager: Display: Loaded TargetPlatform 'Windows'
[2020.05.09-01.30.01:825][  0]LogTargetPlatformManager: Display: Loaded TargetPlatform 'WindowsClient'
[2020.05.09-01.30.01:833][  0]LogTargetPlatformManager: Display: Loaded TargetPlatform 'WindowsServer'
[2020.05.09-01.30.01:833][  0]LogTargetPlatformManager: Display: Building Assets For Windows
[2020.05.09-01.30.01:839][  0]LogAudioDebug: Display: Lib vorbis DLL was dynamically loaded.
[2020.05.09-01.30.01:868][  0]LogShaderCompilers: Guid format shader working directory is 13 characters bigger than the processId version (../../../../../Repos/CGXGrad2020/CGX2020Project/Intermediate/Shaders/WorkingDirectory/22800/).
[2020.05.09-01.30.01:868][  0]LogShaderCompilers: Cleaned the shader compiler working directory 'C:/Users/ElvanthosStormDragon/AppData/Local/Temp/UnrealShaderWorkingDir/545D1CE04F212703EF2C3AB877542A72/'.
[2020.05.09-01.30.01:869][  0]LogXGEController: Cleaning working directory: C:/Users/ElvanthosStormDragon/AppData/Local/Temp/UnrealXGEWorkingDir/
[2020.05.09-01.30.01:869][  0]LogXGEController: Cannot use XGE Controller as Incredibuild is not installed on this machine.
[2020.05.09-01.30.01:869][  0]LogShaderCompilers: Cannot use XGE Shader Compiler as Incredibuild is not installed on this machine.
[2020.05.09-01.30.01:869][  0]LogShaderCompilers: Display: Using Local Shader Compiler.
[2020.05.09-01.30.02:722][  0]LogDerivedDataCache: Display: Max Cache Size: 512 MB
[2020.05.09-01.30.02:782][  0]LogDerivedDataCache: Loaded boot cache 0.06s 78MB C:/Users/ElvanthosStormDragon/AppData/Local/UnrealEngine/4.24/DerivedDataCache/Boot.ddc.
[2020.05.09-01.30.02:782][  0]LogDerivedDataCache: Display: Loaded Boot cache: C:/Users/ElvanthosStormDragon/AppData/Local/UnrealEngine/4.24/DerivedDataCache/Boot.ddc
[2020.05.09-01.30.02:782][  0]LogDerivedDataCache: FDerivedDataBackendGraph:  Pak pak cache file ../../../../../Repos/CGXGrad2020/CGX2020Project/DerivedDataCache/DDC.ddp not found, will not use a pak cache.
[2020.05.09-01.30.02:782][  0]LogDerivedDataCache: Unable to find inner node Pak for hierarchical cache Hierarchy.
[2020.05.09-01.30.02:782][  0]LogDerivedDataCache: FDerivedDataBackendGraph:  CompressedPak pak cache file ../../../../../Repos/CGXGrad2020/CGX2020Project/DerivedDataCache/Compressed.ddp not found, will not use a pak cache.
[2020.05.09-01.30.02:782][  0]LogDerivedDataCache: Unable to find inner node CompressedPak for hierarchical cache Hierarchy.
[2020.05.09-01.30.02:793][  0]LogDerivedDataCache: Display: Pak cache opened for reading ../../../Engine/DerivedDataCache/Compressed.ddp.
[2020.05.09-01.30.02:794][  0]LogDerivedDataCache: FDerivedDataBackendGraph:  EnterprisePak pak cache file ../../../Enterprise/DerivedDataCache/Compressed.ddp not found, will not use a pak cache.
[2020.05.09-01.30.02:794][  0]LogDerivedDataCache: Unable to find inner node EnterprisePak for hierarchical cache Hierarchy.
[2020.05.09-01.30.02:795][  0]LogDerivedDataCache: Using Local data cache path C:/Users/ElvanthosStormDragon/AppData/Local/UnrealEngine/Common/DerivedDataCache: Writable
[2020.05.09-01.30.02:795][  0]LogDerivedDataCache: Shared data cache path not found in *engine.ini, will not use an Shared cache.
[2020.05.09-01.30.02:795][  0]LogDerivedDataCache: Unable to find inner node Shared for hierarchical cache Hierarchy.
[2020.05.09-01.30.02:825][  0]LogMaterial: Verifying Global Shaders for PCD3D_SM5
[2020.05.09-01.30.02:828][  0]LogSlate: Using FreeType 2.10.0
[2020.05.09-01.30.02:828][  0]LogSlate: SlateFontServices - WITH_FREETYPE: 1, WITH_HARFBUZZ: 1
[2020.05.09-01.30.02:910][  0]LogAssetRegistry: FAssetRegistry took 0.0032 seconds to start up
[2020.05.09-01.30.03:298][  0]LogInit: Selected Device Profile: [Windows]
[2020.05.09-01.30.03:494][  0]LogMeshReduction: Using QuadricMeshReduction for automatic static mesh reduction
[2020.05.09-01.30.03:494][  0]LogMeshReduction: Using SimplygonMeshReduction for automatic skeletal mesh reduction
[2020.05.09-01.30.03:495][  0]LogMeshReduction: Using ProxyLODMeshReduction for automatic mesh merging
[2020.05.09-01.30.03:495][  0]LogMeshReduction: No distributed automatic mesh merging module available
[2020.05.09-01.30.03:495][  0]LogMeshMerging: No distributed automatic mesh merging module available
[2020.05.09-01.30.03:519][  0]LogNetVersion: CGX2020Project 1.0.0, NetCL: 10570792, EngineNetVer: 13, GameNetVer: 0 (Checksum: 4275708282)
[2020.05.09-01.30.04:947][  0]LogPackageLocalizationCache: Processed 10 localized package path(s) for 1 prioritized culture(s) in 0.045385 seconds
[2020.05.09-01.30.04:955][  0]LogUObjectArray: 46750 objects as part of root set at end of initial load.
[2020.05.09-01.30.04:955][  0]LogUObjectAllocator: 8137160 out of 0 bytes used by permanent object pool.
[2020.05.09-01.30.04:955][  0]LogUObjectArray: CloseDisregardForGC: 0/0 objects in disregard for GC pool
[2020.05.09-01.30.05:457][  0]LogTcpMessaging: Initializing TcpMessaging bridge
[2020.05.09-01.30.05:461][  0]LogUdpMessaging: Initializing bridge on interface 0.0.0.0:0 to multicast group 230.0.0.1:6666.
[2020.05.09-01.30.05:525][  0]SourceControl: Source control is disabled
[2020.05.09-01.30.05:525][  0]SourceControl: Source control is disabled
[2020.05.09-01.30.05:526][  0]SourceControl: Source control is disabled
[2020.05.09-01.30.05:528][  0]SourceControl: Source control is disabled
[2020.05.09-01.30.05:529][  0]SourceControl: Source control is disabled
[2020.05.09-01.30.05:631][  0]LogAndroidPermission: UAndroidPermissionCallbackProxy::GetInstance
[2020.05.09-01.30.05:646][  0]LogAudioCaptureCore: Display: No Audio Capture implementations found. Audio input will be silent.
[2020.05.09-01.30.05:646][  0]LogAudioCaptureCore: Display: No Audio Capture implementations found. Audio input will be silent.
[2020.05.09-01.30.05:746][  0]LogOcInput: OculusInput pre-init called
[2020.05.09-01.30.05:754][  0]LogWindows: Failed to load 'OVRPlugin.dll' (GetLastError=126)
[2020.05.09-01.30.05:754][  0]LogWindows: File 'OVRPlugin.dll' does not exist
[2020.05.09-01.30.05:833][  0]LogEngine: Initializing Engine...
[2020.05.09-01.30.05:834][  0]LogHMD: Failed to initialize OpenVR with code 110
[2020.05.09-01.30.05:835][  0]LogLinker: Warning: Failed to load '/Game/GameContent/GameSettings/TagsDataTable': Can't find file.
[2020.05.09-01.30.05:835][  0]LogLinker: Warning: Failed to load '/Game/GameContent/GameSettings/TagsDataTable': Can't find file.
[2020.05.09-01.30.05:835][  0]LogUObjectGlobals: Warning: Failed to find object 'DataTable /Game/GameContent/GameSettings/TagsDataTable.TagsDataTable'
[2020.05.09-01.30.05:836][  0]LogStats: UGameplayTagsManager::InitializeManager -  0.001 s
[2020.05.09-01.30.06:229][  0]LogInit: Initializing FReadOnlyCVARCache
[2020.05.09-01.30.06:235][  0]LogAIModule: Creating AISystem for world Untitled
[2020.05.09-01.30.06:314][  0]LogAudioMixer: Display: Audio Mixer Platform Settings:
[2020.05.09-01.30.06:315][  0]LogAudioMixer: Display: 	Sample Rate:						  48000
[2020.05.09-01.30.06:315][  0]LogAudioMixer: Display: 	Callback Buffer Frame Size Requested: 1024
[2020.05.09-01.30.06:315][  0]LogAudioMixer: Display: 	Callback Buffer Frame Size To Use:	  1024
[2020.05.09-01.30.06:315][  0]LogAudioMixer: Display: 	Number of buffers to queue:			  2
[2020.05.09-01.30.06:315][  0]LogAudioMixer: Display: 	Max Channels (voices):				  32
[2020.05.09-01.30.06:315][  0]LogAudioMixer: Display: 	Number of Async Source Workers:		  0
[2020.05.09-01.30.06:315][  0]LogAudio: Display: AudioDevice MaxSources: 32
[2020.05.09-01.30.06:315][  0]LogAudio: Display: Using built-in audio occlusion.
[2020.05.09-01.30.06:315][  0]LogAudioMixer: Display: Initializing audio mixer.
[2020.05.09-01.30.06:521][  0]LogAudioMixer: Display: Audio Device Output Speaker Info:
[2020.05.09-01.30.06:521][  0]LogAudioMixer: Display: Name: Headset Earphone (HyperX 7.1 Audio)
[2020.05.09-01.30.06:521][  0]LogAudioMixer: Display: Is Default: Yes
[2020.05.09-01.30.06:521][  0]LogAudioMixer: Display: Sample Rate: 44100
[2020.05.09-01.30.06:521][  0]LogAudioMixer: Display: Channel Count Used: 2
[2020.05.09-01.30.06:521][  0]LogAudioMixer: Display: Device Channel Count: 2
[2020.05.09-01.30.06:521][  0]LogAudioMixer: Display: Channel Order:
[2020.05.09-01.30.06:521][  0]LogAudioMixer: Display: 0: FrontLeft
[2020.05.09-01.30.06:521][  0]LogAudioMixer: Display: 1: FrontRight
[2020.05.09-01.30.06:556][  0]LogAudioMixer: Display: Using Audio Device Headset Earphone (HyperX 7.1 Audio)
[2020.05.09-01.30.06:563][  0]LogInit: FAudioDevice initialized.
[2020.05.09-01.30.06:563][  0]LogNetVersion: Set ProjectVersion to 1.0.0.0. Version Checksum will be recalculated on next use.
[2020.05.09-01.30.06:641][  0]LogDerivedDataCache: Saved boot cache 0.08s 78MB C:/Users/ElvanthosStormDragon/AppData/Local/UnrealEngine/4.24/DerivedDataCache/Boot.ddc.
[2020.05.09-01.30.06:646][  0]LogInit: Texture streaming: Enabled
[2020.05.09-01.30.06:661][  0]LogEngineSessionManager: EngineSessionManager initialized
[2020.05.09-01.30.06:661][  0]LogEditorSessionSummary: Verbose: Initializing EditorSessionSummaryWriter for editor session tracking
[2020.05.09-01.30.06:674][  0]LogEditorSessionSummary: EditorSessionSummaryWriter initialized
[2020.05.09-01.30.06:722][  0]LogInit: Transaction tracking system initialized
[2020.05.09-01.30.06:734][  0]BlueprintLog: New page: Editor Load
[2020.05.09-01.30.06:773][  0]LocalizationService: Localization service is disabled
[2020.05.09-01.30.07:112][  0]LogCook: Display: Max memory allowance for cook 16384mb min free memory 0mb
[2020.05.09-01.30.07:113][  0]LogCook: Display: Mobile HDR setting 1
[2020.05.09-01.30.07:222][  0]LogFileCache: Scanning file cache for directory 'D:/Repos/CGXGrad2020/CGX2020Project/Content/' took 0.03s
[2020.05.09-01.30.08:248][  0]SourceControl: Source control is disabled
[2020.05.09-01.30.08:248][  0]Cmd: MAP LOAD FILE="../../../../../Repos/CGXGrad2020/CGX2020Project/Content/SideScrollerBP/Maps/SideScrollerExampleMap.umap" TEMPLATE=0 SHOWPROGRESS=1 FEATURELEVEL=3
[2020.05.09-01.30.08:249][  0]LightingResults: New page: Lighting Build
[2020.05.09-01.30.08:249][  0]LogWorld: UWorld::CleanupWorld for Untitled, bSessionEnded=true, bCleanupResources=true
[2020.05.09-01.30.08:249][  0]LogSlate: InvalidateAllWidgets triggered.  All widgets were invalidated
[2020.05.09-01.30.08:250][  0]MapCheck: New page: Map Check
[2020.05.09-01.30.08:250][  0]LightingResults: New page: Lighting Build
[2020.05.09-01.30.08:274][  0]LogUObjectHash: Compacting FUObjectHashTables data took   2.68ms
[2020.05.09-01.30.08:650][  0]LogAIModule: Creating AISystem for world SideScrollerExampleMap
[2020.05.09-01.30.08:659][  0]LogEditorServer: Finished looking for orphan Actors (0.000 secs)
[2020.05.09-01.30.08:687][  0]LogUObjectHash: Compacting FUObjectHashTables data took   2.35ms
[2020.05.09-01.30.08:688][  0]Cmd: MAP CHECKDEP NOCLEARLOG
[2020.05.09-01.30.08:688][  0]MapCheck: Map check complete: 0 Error(s), 0 Warning(s), took 0.103ms to complete.
[2020.05.09-01.30.08:688][  0]LogFileHelpers: Loading map 'SideScrollerExampleMap' took 0.441
[2020.05.09-01.30.08:871][  0]LogSlate: Updating window title bar state: overlay mode, drag disabled, window buttons hidden, title bar hidden
[2020.05.09-01.30.08:882][  0]LogSlate: Updating window title bar state: overlay mode, drag disabled, window buttons hidden, title bar hidden
[2020.05.09-01.30.08:890][  0]LogSlate: Updating window title bar state: overlay mode, drag disabled, window buttons hidden, title bar hidden
[2020.05.09-01.30.08:899][  0]LogSlate: Updating window title bar state: overlay mode, drag disabled, window buttons hidden, title bar hidden
[2020.05.09-01.30.08:910][  0]LogCollectionManager: Loaded 0 collections in 0.001881 seconds
[2020.05.09-01.30.08:927][  0]LogFileCache: Scanning file cache for directory 'D:/Repos/CGXGrad2020/CGX2020Project/Saved/Collections/' took 0.00s
[2020.05.09-01.30.08:927][  0]LogFileCache: Scanning file cache for directory 'D:/Repos/CGXGrad2020/CGX2020Project/Content/Developers/ElvanthosStormDragon/Collections/' took 0.00s
[2020.05.09-01.30.08:927][  0]LogFileCache: Scanning file cache for directory 'D:/Repos/CGXGrad2020/CGX2020Project/Content/Collections/' took 0.00s
[2020.05.09-01.30.08:927][  0]LogContentBrowser: Native class hierarchy populated in 0.0101 seconds. Added 3015 classes and 717 folders.
[2020.05.09-01.30.08:930][  0]LogContentBrowser: Native class hierarchy updated for 'WidgetCarousel' in 0.0003 seconds. Added 0 classes and 0 folders.
[2020.05.09-01.30.09:078][  0]LogContentBrowser: Native class hierarchy updated for 'AddContentDialog' in 0.0003 seconds. Added 0 classes and 0 folders.
[2020.05.09-01.30.09:082][  0]LogContentBrowser: Native class hierarchy updated for 'SceneOutliner' in 0.0004 seconds. Added 2 classes and 3 folders.
[2020.05.09-01.30.09:237][  0]LogSlate: Took 0.000335 seconds to synchronously load lazily loaded font '../../../Engine/Content/Slate/Fonts/Roboto-Regular.ttf' (155K)
[2020.05.09-01.30.09:240][  0]LogSlate: Took 0.000467 seconds to synchronously load lazily loaded font '../../../Engine/Content/Slate/Fonts/Roboto-Bold.ttf' (160K)
[2020.05.09-01.30.09:245][  0]LogSlate: Took 0.000279 seconds to synchronously load lazily loaded font '../../../Engine/Content/Editor/Slate/Fonts/FontAwesome.ttf' (139K)
[2020.05.09-01.30.09:359][  0]LogRenderer: Reallocating scene render targets to support 1208x572 Format 10 NumSamples 1 (Frame:1).
[2020.05.09-01.30.09:479][  0]LogContentBrowser: Native class hierarchy updated for 'HierarchicalLODOutliner' in 0.0004 seconds. Added 0 classes and 0 folders.
[2020.05.09-01.30.09:479][  0]LogLoad: (Engine Initialization) Total time: 13.36 seconds
[2020.05.09-01.30.09:479][  0]LogLoad: (Engine Initialization) Total Blueprint compile time: 0.00 seconds
[2020.05.09-01.30.09:538][  0]LogContentStreaming: Texture pool size now 1000 MB
[2020.05.09-01.30.09:571][  0]LogSlate: Took 0.000279 seconds to synchronously load lazily loaded font '../../../Engine/Content/Slate/Fonts/Roboto-Light.ttf' (167K)
[2020.05.09-01.30.09:713][  3]LogAssetRegistry: Asset discovery search completed in 6.8042 seconds
[2020.05.09-01.30.09:717][  3]LogCollectionManager: Fixed up redirectors for 0 collections in 0.000013 seconds (updated 0 objects)
[2020.05.09-01.30.48:448][282]LogSlate: Took 0.000296 seconds to synchronously load lazily loaded font '../../../Engine/Content/Slate/Fonts/Roboto-Light.ttf' (167K)
[2020.05.09-01.30.48:631][282]LogLinker: Warning: While loading '../../../../../Repos/CGXGrad2020/CGX2020Project/Content/GameContent/IBlade/InfinityBladeEffects/Effects/FX_Breakables/Wall/P_WallBreak_Stone.uasset' failed to load '/Game/InfinityBladeEffects/Effects/FX_Materials/ICE/M_IceChunksBase': Can't find file.
[2020.05.09-01.30.48:631][282]LoadErrors: Failed to load /Game/GameContent/StageObjects/bp_BreakableFloor.bp_BreakableFloor_C Referenced by Default__Kori_C
[2020.05.09-01.30.48:631][282]LogLinker: Warning: While loading '../../../../../Repos/CGXGrad2020/CGX2020Project/Content/GameContent/IBlade/InfinityBladeEffects/Effects/FX_Breakables/Wall/P_WallBreak_Stone.uasset' failed to load '/Game/InfinityBladeEffects/Effects/FX_Materials/ICE/M_IceChunksBase': Can't find file.
[2020.05.09-01.30.48:631][282]LogLinker: Warning: While loading '../../../../../Repos/CGXGrad2020/CGX2020Project/Content/GameContent/IBlade/InfinityBladeEffects/Effects/FX_Breakables/Wall/P_WallBreak_Stone.uasset' failed to load '/Game/InfinityBladeEffects/Environments/Breakables/Materials/M_Breakables_Fort_Wall_Destroyed': Can't find file.
[2020.05.09-01.30.48:632][282]LogLinker: Warning: While loading '../../../../../Repos/CGXGrad2020/CGX2020Project/Content/GameContent/IBlade/InfinityBladeEffects/Effects/FX_Breakables/Wall/P_WallBreak_Stone.uasset' failed to load '/Game/InfinityBladeEffects/Environments/Breakables/Materials/M_Breakables_Fort_Wall_Destroyed': Can't find file.
[2020.05.09-01.30.48:632][282]LogLinker: Warning: While loading '../../../../../Repos/CGXGrad2020/CGX2020Project/Content/GameContent/IBlade/InfinityBladeEffects/Effects/FX_Breakables/Wall/P_WallBreak_Stone.uasset' failed to load '/Game/InfinityBladeEffects/Environments/Breakables/Materials/M_Breakables_Fort_Wall_Destroyed_Trim': Can't find file.
[2020.05.09-01.30.48:632][282]LogLinker: Warning: While loading '../../../../../Repos/CGXGrad2020/CGX2020Project/Content/GameContent/IBlade/InfinityBladeEffects/Effects/FX_Breakables/Wall/P_WallBreak_Stone.uasset' failed to load '/Game/InfinityBladeEffects/Environments/Breakables/Materials/M_Breakables_Fort_Wall_Destroyed_Trim': Can't find file.
[2020.05.09-01.30.48:632][282]LogLinker: Warning: While loading '../../../../../Repos/CGXGrad2020/CGX2020Project/Content/GameContent/IBlade/InfinityBladeEffects/Effects/FX_Breakables/Wall/P_WallBreak_Stone.uasset' failed to load '/Game/InfinityBladeEffects/Environments/Plains/Env_Plains_Ruins/Materials/M_PLains_FloorStone': Can't find file.
[2020.05.09-01.30.48:632][282]LogLinker: Warning: While loading '../../../../../Repos/CGXGrad2020/CGX2020Project/Content/GameContent/IBlade/InfinityBladeEffects/Effects/FX_Breakables/Wall/P_WallBreak_Stone.uasset' failed to load '/Game/InfinityBladeEffects/Environments/Plains/Env_Plains_Ruins/Materials/M_PLains_FloorStone': Can't find file.
[2020.05.09-01.30.48:632][282]LogLinker: Warning: While loading '../../../../../Repos/CGXGrad2020/CGX2020Project/Content/GameContent/IBlade/InfinityBladeEffects/Effects/FX_Breakables/Wall/P_WallBreak_Stone.uasset' failed to load '/Game/InfinityBladeEffects/Effects/FX_Materials/Gradient/M_Flare_03_INST': Can't find file.
[2020.05.09-01.30.48:632][282]LogLinker: Warning: While loading '../../../../../Repos/CGXGrad2020/CGX2020Project/Content/GameContent/IBlade/InfinityBladeEffects/Effects/FX_Breakables/Wall/P_WallBreak_Stone.uasset' failed to load '/Game/InfinityBladeEffects/Effects/FX_Materials/Gradient/M_Flare_03_INST': Can't find file.
[2020.05.09-01.30.48:632][282]LogLinker: Warning: While loading '../../../../../Repos/CGXGrad2020/CGX2020Project/Content/GameContent/IBlade/InfinityBladeEffects/Effects/FX_Breakables/Wall/P_WallBreak_Stone.uasset' failed to load '/Game/InfinityBladeEffects/Effects/FX_Materials/M_Shockwave_01_ADD_INST': Can't find file.
[2020.05.09-01.30.48:632][282]LogLinker: Warning: While loading '../../../../../Repos/CGXGrad2020/CGX2020Project/Content/GameContent/IBlade/InfinityBladeEffects/Effects/FX_Breakables/Wall/P_WallBreak_Stone.uasset' failed to load '/Game/InfinityBladeEffects/Effects/FX_Materials/M_Shockwave_01_ADD_INST': Can't find file.
[2020.05.09-01.30.48:632][282]LogLinker: Warning: While loading '../../../../../Repos/CGXGrad2020/CGX2020Project/Content/GameContent/IBlade/InfinityBladeEffects/Effects/FX_Breakables/Wall/P_WallBreak_Stone.uasset' failed to load '/Game/InfinityBladeEffects/Effects/FX_Materials/Smoke/M_Smoke_02_Trans_6X6_INST': Can't find file.
[2020.05.09-01.30.48:633][282]LogLinker: Warning: While loading '../../../../../Repos/CGXGrad2020/CGX2020Project/Content/GameContent/IBlade/InfinityBladeEffects/Effects/FX_Breakables/Wall/P_WallBreak_Stone.uasset' failed to load '/Game/InfinityBladeEffects/Effects/FX_Materials/Smoke/M_Smoke_02_Trans_6X6_INST': Can't find file.
[2020.05.09-01.30.48:633][282]LogLinker: Warning: While loading '../../../../../Repos/CGXGrad2020/CGX2020Project/Content/GameContent/IBlade/InfinityBladeEffects/Effects/FX_Breakables/Wall/P_WallBreak_Stone.uasset' failed to load '/Game/InfinityBladeEffects/Effects/FX_Materials/Gradient/M_Flare_03_INST': Can't find file.
[2020.05.09-01.30.48:633][282]LogLinker: Warning: While loading '../../../../../Repos/CGXGrad2020/CGX2020Project/Content/GameContent/IBlade/InfinityBladeEffects/Effects/FX_Breakables/Wall/P_WallBreak_Stone.uasset' failed to load '/Game/InfinityBladeEffects/Effects/FX_Materials/Gradient/M_Flare_03_INST': Can't find file.
[2020.05.09-01.30.48:633][282]LogLinker: Warning: While loading '../../../../../Repos/CGXGrad2020/CGX2020Project/Content/GameContent/IBlade/InfinityBladeEffects/Effects/FX_Breakables/Wall/P_WallBreak_Stone.uasset' failed to load '/Game/InfinityBladeEffects/Effects/FX_Materials/ICE/M_IceChunksBase': Can't find file.
[2020.05.09-01.30.48:633][282]LogLinker: Warning: While loading '../../../../../Repos/CGXGrad2020/CGX2020Project/Content/GameContent/IBlade/InfinityBladeEffects/Effects/FX_Breakables/Wall/P_WallBreak_Stone.uasset' failed to load '/Game/InfinityBladeEffects/Effects/FX_Materials/ICE/M_IceChunksBase': Can't find file.
[2020.05.09-01.30.48:633][282]LogLinker: Warning: While loading '../../../../../Repos/CGXGrad2020/CGX2020Project/Content/GameContent/IBlade/InfinityBladeEffects/Effects/FX_Breakables/Wall/P_WallBreak_Stone.uasset' failed to load '/Game/InfinityBladeEffects/Effects/FX_Materials/M_Shockwave_01_ADD_INST': Can't find file.
[2020.05.09-01.30.48:633][282]LogLinker: Warning: While loading '../../../../../Repos/CGXGrad2020/CGX2020Project/Content/GameContent/IBlade/InfinityBladeEffects/Effects/FX_Breakables/Wall/P_WallBreak_Stone.uasset' failed to load '/Game/InfinityBladeEffects/Effects/FX_Materials/M_Shockwave_01_ADD_INST': Can't find file.
[2020.05.09-01.30.48:633][282]LogLinker: Warning: While loading '../../../../../Repos/CGXGrad2020/CGX2020Project/Content/GameContent/IBlade/InfinityBladeEffects/Effects/FX_Breakables/Wall/P_WallBreak_Stone.uasset' failed to load '/Game/InfinityBladeEffects/Effects/FX_Materials/Smoke/M_Smoke_02_Trans_6X6_INST': Can't find file.
[2020.05.09-01.30.48:633][282]LogLinker: Warning: While loading '../../../../../Repos/CGXGrad2020/CGX2020Project/Content/GameContent/IBlade/InfinityBladeEffects/Effects/FX_Breakables/Wall/P_WallBreak_Stone.uasset' failed to load '/Game/InfinityBladeEffects/Effects/FX_Materials/Smoke/M_Smoke_02_Trans_6X6_INST': Can't find file.
[2020.05.09-01.30.48:634][282]LogLinker: Warning: While loading '../../../../../Repos/CGXGrad2020/CGX2020Project/Content/GameContent/IBlade/InfinityBladeEffects/Effects/FX_Breakables/Wall/P_WallBreak_Stone.uasset' failed to load '/Game/InfinityBladeEffects/Environments/Breakables/Materials/M_Breakables_Fort_Wall_Destroyed': Can't find file.
[2020.05.09-01.30.48:634][282]LogLinker: Warning: While loading '../../../../../Repos/CGXGrad2020/CGX2020Project/Content/GameContent/IBlade/InfinityBladeEffects/Effects/FX_Breakables/Wall/P_WallBreak_Stone.uasset' failed to load '/Game/InfinityBladeEffects/Environments/Breakables/Materials/M_Breakables_Fort_Wall_Destroyed': Can't find file.
[2020.05.09-01.30.48:634][282]LogLinker: Warning: While loading '../../../../../Repos/CGXGrad2020/CGX2020Project/Content/GameContent/IBlade/InfinityBladeEffects/Effects/FX_Breakables/Wall/P_WallBreak_Stone.uasset' failed to load '/Game/InfinityBladeEffects/Environments/Breakables/Materials/M_Breakables_Fort_Wall_Destroyed_Trim': Can't find file.
[2020.05.09-01.30.48:634][282]LogLinker: Warning: While loading '../../../../../Repos/CGXGrad2020/CGX2020Project/Content/GameContent/IBlade/InfinityBladeEffects/Effects/FX_Breakables/Wall/P_WallBreak_Stone.uasset' failed to load '/Game/InfinityBladeEffects/Environments/Breakables/Materials/M_Breakables_Fort_Wall_Destroyed_Trim': Can't find file.
[2020.05.09-01.30.48:634][282]LogLinker: Warning: While loading '../../../../../Repos/CGXGrad2020/CGX2020Project/Content/GameContent/IBlade/InfinityBladeEffects/Effects/FX_Breakables/Wall/P_WallBreak_Stone.uasset' failed to load '/Game/InfinityBladeEffects/Environments/Breakables/StaticMesh/Walls/SM_Ice_Fort_Wall_Chunk2DESTROYED': Can't find file.
[2020.05.09-01.30.48:634][282]LogLinker: Warning: While loading '../../../../../Repos/CGXGrad2020/CGX2020Project/Content/GameContent/IBlade/InfinityBladeEffects/Effects/FX_Breakables/Wall/P_WallBreak_Stone.uasset' failed to load '/Game/InfinityBladeEffects/Environments/Breakables/StaticMesh/Walls/SM_Ice_Fort_Wall_Chunk2DESTROYED': Can't find file.
[2020.05.09-01.30.48:634][282]LogLinker: Warning: While loading '../../../../../Repos/CGXGrad2020/CGX2020Project/Content/GameContent/IBlade/InfinityBladeEffects/Effects/FX_Breakables/Wall/P_WallBreak_Stone.uasset' failed to load '/Game/InfinityBladeEffects/Environments/Breakables/StaticMesh/Walls/SM_Ice_Fort_Wall_Chunk3DESTROYED': Can't find file.
[2020.05.09-01.30.48:634][282]LogLinker: Warning: While loading '../../../../../Repos/CGXGrad2020/CGX2020Project/Content/GameContent/IBlade/InfinityBladeEffects/Effects/FX_Breakables/Wall/P_WallBreak_Stone.uasset' failed to load '/Game/InfinityBladeEffects/Environments/Breakables/StaticMesh/Walls/SM_Ice_Fort_Wall_Chunk3DESTROYED': Can't find file.
[2020.05.09-01.30.48:634][282]LogLinker: Warning: While loading '../../../../../Repos/CGXGrad2020/CGX2020Project/Content/GameContent/IBlade/InfinityBladeEffects/Effects/FX_Breakables/Wall/P_WallBreak_Stone.uasset' failed to load '/Game/InfinityBladeEffects/Environments/Breakables/StaticMesh/Walls/SM_Ice_Fort_Wall_Chunk4DESTROYED': Can't find file.
[2020.05.09-01.30.48:635][282]LogLinker: Warning: While loading '../../../../../Repos/CGXGrad2020/CGX2020Project/Content/GameContent/IBlade/InfinityBladeEffects/Effects/FX_Breakables/Wall/P_WallBreak_Stone.uasset' failed to load '/Game/InfinityBladeEffects/Environments/Breakables/StaticMesh/Walls/SM_Ice_Fort_Wall_Chunk4DESTROYED': Can't find file.
[2020.05.09-01.30.48:635][282]LogLinker: Warning: While loading '../../../../../Repos/CGXGrad2020/CGX2020Project/Content/GameContent/IBlade/InfinityBladeEffects/Effects/FX_Breakables/Wall/P_WallBreak_Stone.uasset' failed to load '/Game/InfinityBladeEffects/Environments/Plains/Env_Plains_Ruins/Materials/M_PLains_FloorStone': Can't find file.
[2020.05.09-01.30.48:635][282]LogLinker: Warning: While loading '../../../../../Repos/CGXGrad2020/CGX2020Project/Content/GameContent/IBlade/InfinityBladeEffects/Effects/FX_Breakables/Wall/P_WallBreak_Stone.uasset' failed to load '/Game/InfinityBladeEffects/Environments/Plains/Env_Plains_Ruins/Materials/M_PLains_FloorStone': Can't find file.
[2020.05.09-01.30.48:635][282]LogLinker: Warning: While loading '../../../../../Repos/CGXGrad2020/CGX2020Project/Content/GameContent/IBlade/InfinityBladeEffects/Effects/FX_Breakables/Wall/P_WallBreak_Stone.uasset' failed to load '/Game/InfinityBladeEffects/Environments/Breakables/StaticMesh/Walls/SM_Ice_Fort_Wall_Chunk2DESTROYED': Can't find file.
[2020.05.09-01.30.48:635][282]LogLinker: Warning: While loading '../../../../../Repos/CGXGrad2020/CGX2020Project/Content/GameContent/IBlade/InfinityBladeEffects/Effects/FX_Breakables/Wall/P_WallBreak_Stone.uasset' failed to load '/Game/InfinityBladeEffects/Environments/Breakables/StaticMesh/Walls/SM_Ice_Fort_Wall_Chunk2DESTROYED': Can't find file.
[2020.05.09-01.30.48:635][282]LogLinker: Warning: While loading '../../../../../Repos/CGXGrad2020/CGX2020Project/Content/GameContent/IBlade/InfinityBladeEffects/Effects/FX_Breakables/Wall/P_WallBreak_Stone.uasset' failed to load '/Game/InfinityBladeEffects/Environments/Breakables/StaticMesh/Walls/SM_Ice_Fort_Wall_Chunk3DESTROYED': Can't find file.
[2020.05.09-01.30.48:635][282]LogLinker: Warning: While loading '../../../../../Repos/CGXGrad2020/CGX2020Project/Content/GameContent/IBlade/InfinityBladeEffects/Effects/FX_Breakables/Wall/P_WallBreak_Stone.uasset' failed to load '/Game/InfinityBladeEffects/Environments/Breakables/StaticMesh/Walls/SM_Ice_Fort_Wall_Chunk3DESTROYED': Can't find file.
[2020.05.09-01.30.48:635][282]LogLinker: Warning: While loading '../../../../../Repos/CGXGrad2020/CGX2020Project/Content/GameContent/IBlade/InfinityBladeEffects/Effects/FX_Breakables/Wall/P_WallBreak_Stone.uasset' failed to load '/Game/InfinityBladeEffects/Environments/Breakables/StaticMesh/Walls/SM_Ice_Fort_Wall_Chunk4DESTROYED': Can't find file.
[2020.05.09-01.30.48:635][282]LogLinker: Warning: While loading '../../../../../Repos/CGXGrad2020/CGX2020Project/Content/GameContent/IBlade/InfinityBladeEffects/Effects/FX_Breakables/Wall/P_WallBreak_Stone.uasset' failed to load '/Game/InfinityBladeEffects/Environments/Breakables/StaticMesh/Walls/SM_Ice_Fort_Wall_Chunk4DESTROYED': Can't find file.
[2020.05.09-01.30.49:162][282]LogBlueprint: Warning: [Compiler Meep_Animation_BP] Idle to Hit  will never be taken, please connect something to  Can Enter Transition
[2020.05.09-01.30.49:162][282]LogBlueprint: Warning: [Compiler Meep_Animation_BP] Hit to Idle  will never be taken, please connect something to  Can Enter Transition
[2020.05.09-01.30.49:588][282]LogLinker: Warning: While loading '../../../../../Repos/CGXGrad2020/CGX2020Project/Content/GameContent/IBlade/InfinityBladeEffects/Effects/FX_Breakables/Wall/P_WallBreak_Stone.uasset' failed to load '/Game/InfinityBladeEffects/Environments/Plains/Env_Plains_Ruins/Materials/M_PLains_FloorStone': Can't find file.
[2020.05.09-01.30.49:588][282]LoadErrors: Failed to load /Game/InfinityBladeEffects/Environments/Plains/Env_Plains_Ruins/Materials/M_PLains_FloorStone.M_PLains_FloorStone Referenced by ParticleModuleMeshMaterial_37
[2020.05.09-01.30.49:589][282]LogLinker: Warning: While loading '../../../../../Repos/CGXGrad2020/CGX2020Project/Content/GameContent/IBlade/InfinityBladeEffects/Effects/FX_Breakables/Wall/P_WallBreak_Stone.uasset' failed to load '/Game/InfinityBladeEffects/Environments/Plains/Env_Plains_Ruins/Materials/M_PLains_FloorStone': Can't find file.
[2020.05.09-01.30.49:589][282]LogLinker: Warning: While loading '../../../../../Repos/CGXGrad2020/CGX2020Project/Content/GameContent/IBlade/InfinityBladeEffects/Effects/FX_Breakables/Wall/P_WallBreak_Stone.uasset' failed to load '/Game/InfinityBladeEffects/Environments/Plains/Env_Plains_Ruins/Materials/M_PLains_FloorStone': Can't find file.
[2020.05.09-01.30.49:589][282]LoadErrors: Failed to load /Game/InfinityBladeEffects/Environments/Plains/Env_Plains_Ruins/Materials/M_PLains_FloorStone.M_PLains_FloorStone Referenced by ParticleModuleMeshMaterial_38
[2020.05.09-01.30.49:589][282]LogLinker: Warning: While loading '../../../../../Repos/CGXGrad2020/CGX2020Project/Content/GameContent/IBlade/InfinityBladeEffects/Effects/FX_Breakables/Wall/P_WallBreak_Stone.uasset' failed to load '/Game/InfinityBladeEffects/Environments/Plains/Env_Plains_Ruins/Materials/M_PLains_FloorStone': Can't find file.
[2020.05.09-01.30.49:589][282]LogLinker: Warning: While loading '../../../../../Repos/CGXGrad2020/CGX2020Project/Content/GameContent/IBlade/InfinityBladeEffects/Effects/FX_Breakables/Wall/P_WallBreak_Stone.uasset' failed to load '/Game/InfinityBladeEffects/Environments/Plains/Env_Plains_Ruins/Materials/M_PLains_FloorStone': Can't find file.
[2020.05.09-01.30.49:589][282]LoadErrors: Failed to load /Game/InfinityBladeEffects/Environments/Plains/Env_Plains_Ruins/Materials/M_PLains_FloorStone.M_PLains_FloorStone Referenced by ParticleModuleMeshMaterial_39
[2020.05.09-01.30.49:589][282]LogLinker: Warning: While loading '../../../../../Repos/CGXGrad2020/CGX2020Project/Content/GameContent/IBlade/InfinityBladeEffects/Effects/FX_Breakables/Wall/P_WallBreak_Stone.uasset' failed to load '/Game/InfinityBladeEffects/Environments/Plains/Env_Plains_Ruins/Materials/M_PLains_FloorStone': Can't find file.
[2020.05.09-01.30.49:590][282]LogLinker: Warning: While loading '../../../../../Repos/CGXGrad2020/CGX2020Project/Content/GameContent/IBlade/InfinityBladeEffects/Effects/FX_Breakables/Wall/P_WallBreak_Stone.uasset' failed to load '/Game/InfinityBladeEffects/Environments/Plains/Env_Plains_Ruins/Materials/M_PLains_FloorStone': Can't find file.
[2020.05.09-01.30.49:590][282]LoadErrors: Failed to load /Game/InfinityBladeEffects/Environments/Plains/Env_Plains_Ruins/Materials/M_PLains_FloorStone.M_PLains_FloorStone Referenced by ParticleModuleMeshMaterial_40
[2020.05.09-01.30.49:590][282]LogLinker: Warning: While loading '../../../../../Repos/CGXGrad2020/CGX2020Project/Content/GameContent/IBlade/InfinityBladeEffects/Effects/FX_Breakables/Wall/P_WallBreak_Stone.uasset' failed to load '/Game/InfinityBladeEffects/Environments/Plains/Env_Plains_Ruins/Materials/M_PLains_FloorStone': Can't find file.
[2020.05.09-01.30.49:590][282]LogLinker: Warning: While loading '../../../../../Repos/CGXGrad2020/CGX2020Project/Content/GameContent/IBlade/InfinityBladeEffects/Effects/FX_Breakables/Wall/P_WallBreak_Stone.uasset' failed to load '/Game/InfinityBladeEffects/Environments/Breakables/Materials/M_Breakables_Fort_Wall_Destroyed_Trim': Can't find file.
[2020.05.09-01.30.49:590][282]LoadErrors: Failed to load /Game/InfinityBladeEffects/Environments/Breakables/Materials/M_Breakables_Fort_Wall_Destroyed_Trim.M_Breakables_Fort_Wall_Destroyed_Trim Referenced by ParticleModuleRequired_0
[2020.05.09-01.30.49:590][282]LogLinker: Warning: While loading '../../../../../Repos/CGXGrad2020/CGX2020Project/Content/GameContent/IBlade/InfinityBladeEffects/Effects/FX_Breakables/Wall/P_WallBreak_Stone.uasset' failed to load '/Game/InfinityBladeEffects/Environments/Breakables/Materials/M_Breakables_Fort_Wall_Destroyed_Trim': Can't find file.
[2020.05.09-01.30.49:591][282]LogLinker: Warning: While loading '../../../../../Repos/CGXGrad2020/CGX2020Project/Content/GameContent/IBlade/InfinityBladeEffects/Effects/FX_Breakables/Wall/P_WallBreak_Stone.uasset' failed to load '/Game/InfinityBladeEffects/Environments/Breakables/Materials/M_Breakables_Fort_Wall_Destroyed': Can't find file.
[2020.05.09-01.30.49:591][282]LoadErrors: Failed to load /Game/InfinityBladeEffects/Environments/Breakables/Materials/M_Breakables_Fort_Wall_Destroyed.M_Breakables_Fort_Wall_Destroyed Referenced by ParticleModuleRequired_1
[2020.05.09-01.30.49:591][282]LogLinker: Warning: While loading '../../../../../Repos/CGXGrad2020/CGX2020Project/Content/GameContent/IBlade/InfinityBladeEffects/Effects/FX_Breakables/Wall/P_WallBreak_Stone.uasset' failed to load '/Game/InfinityBladeEffects/Environments/Breakables/Materials/M_Breakables_Fort_Wall_Destroyed': Can't find file.
[2020.05.09-01.30.49:591][282]LogLinker: Warning: While loading '../../../../../Repos/CGXGrad2020/CGX2020Project/Content/GameContent/IBlade/InfinityBladeEffects/Effects/FX_Breakables/Wall/P_WallBreak_Stone.uasset' failed to load '/Game/InfinityBladeEffects/Effects/FX_Materials/Smoke/M_Smoke_02_Trans_6X6_INST': Can't find file.
[2020.05.09-01.30.49:591][282]LoadErrors: Failed to load /Game/InfinityBladeEffects/Effects/FX_Materials/Smoke/M_Smoke_02_Trans_6X6_INST.M_Smoke_02_Trans_6X6_INST Referenced by ParticleModuleRequired_11
[2020.05.09-01.30.49:591][282]LogLinker: Warning: While loading '../../../../../Repos/CGXGrad2020/CGX2020Project/Content/GameContent/IBlade/InfinityBladeEffects/Effects/FX_Breakables/Wall/P_WallBreak_Stone.uasset' failed to load '/Game/InfinityBladeEffects/Effects/FX_Materials/Smoke/M_Smoke_02_Trans_6X6_INST': Can't find file.
[2020.05.09-01.30.49:591][282]LogLinker: Warning: While loading '../../../../../Repos/CGXGrad2020/CGX2020Project/Content/GameContent/IBlade/InfinityBladeEffects/Effects/FX_Breakables/Wall/P_WallBreak_Stone.uasset' failed to load '/Game/InfinityBladeEffects/Effects/FX_Materials/Gradient/M_Flare_03_INST': Can't find file.
[2020.05.09-01.30.49:591][282]LoadErrors: Failed to load /Game/InfinityBladeEffects/Effects/FX_Materials/Gradient/M_Flare_03_INST.M_Flare_03_INST Referenced by ParticleModuleRequired_12
[2020.05.09-01.30.49:591][282]LogLinker: Warning: While loading '../../../../../Repos/CGXGrad2020/CGX2020Project/Content/GameContent/IBlade/InfinityBladeEffects/Effects/FX_Breakables/Wall/P_WallBreak_Stone.uasset' failed to load '/Game/InfinityBladeEffects/Effects/FX_Materials/Gradient/M_Flare_03_INST': Can't find file.
[2020.05.09-01.30.49:591][282]LogLinker: Warning: While loading '../../../../../Repos/CGXGrad2020/CGX2020Project/Content/GameContent/IBlade/InfinityBladeEffects/Effects/FX_Breakables/Wall/P_WallBreak_Stone.uasset' failed to load '/Game/InfinityBladeEffects/Effects/FX_Materials/Smoke/M_Smoke_02_Trans_6X6_INST': Can't find file.
[2020.05.09-01.30.49:591][282]LoadErrors: Failed to load /Game/InfinityBladeEffects/Effects/FX_Materials/Smoke/M_Smoke_02_Trans_6X6_INST.M_Smoke_02_Trans_6X6_INST Referenced by ParticleModuleRequired_13
[2020.05.09-01.30.49:592][282]LogLinker: Warning: While loading '../../../../../Repos/CGXGrad2020/CGX2020Project/Content/GameContent/IBlade/InfinityBladeEffects/Effects/FX_Breakables/Wall/P_WallBreak_Stone.uasset' failed to load '/Game/InfinityBladeEffects/Effects/FX_Materials/Smoke/M_Smoke_02_Trans_6X6_INST': Can't find file.
[2020.05.09-01.30.49:592][282]LogLinker: Warning: While loading '../../../../../Repos/CGXGrad2020/CGX2020Project/Content/GameContent/IBlade/InfinityBladeEffects/Effects/FX_Breakables/Wall/P_WallBreak_Stone.uasset' failed to load '/Game/InfinityBladeEffects/Environments/Breakables/Materials/M_Breakables_Fort_Wall_Destroyed': Can't find file.
[2020.05.09-01.30.49:592][282]LoadErrors: Failed to load /Game/InfinityBladeEffects/Environments/Breakables/Materials/M_Breakables_Fort_Wall_Destroyed.M_Breakables_Fort_Wall_Destroyed Referenced by ParticleModuleRequired_2
[2020.05.09-01.30.49:592][282]LogLinker: Warning: While loading '../../../../../Repos/CGXGrad2020/CGX2020Project/Content/GameContent/IBlade/InfinityBladeEffects/Effects/FX_Breakables/Wall/P_WallBreak_Stone.uasset' failed to load '/Game/InfinityBladeEffects/Environments/Breakables/Materials/M_Breakables_Fort_Wall_Destroyed': Can't find file.
[2020.05.09-01.30.49:592][282]LogLinker: Warning: While loading '../../../../../Repos/CGXGrad2020/CGX2020Project/Content/GameContent/IBlade/InfinityBladeEffects/Effects/FX_Breakables/Wall/P_WallBreak_Stone.uasset' failed to load '/Game/InfinityBladeEffects/Effects/FX_Materials/ICE/M_IceChunksBase': Can't find file.
[2020.05.09-01.30.49:592][282]LoadErrors: Failed to load /Game/InfinityBladeEffects/Effects/FX_Materials/ICE/M_IceChunksBase.M_IceChunksBase Referenced by ParticleModuleRequired_3
[2020.05.09-01.30.49:592][282]LogLinker: Warning: While loading '../../../../../Repos/CGXGrad2020/CGX2020Project/Content/GameContent/IBlade/InfinityBladeEffects/Effects/FX_Breakables/Wall/P_WallBreak_Stone.uasset' failed to load '/Game/InfinityBladeEffects/Effects/FX_Materials/ICE/M_IceChunksBase': Can't find file.
[2020.05.09-01.30.49:592][282]LogLinker: Warning: While loading '../../../../../Repos/CGXGrad2020/CGX2020Project/Content/GameContent/IBlade/InfinityBladeEffects/Effects/FX_Breakables/Wall/P_WallBreak_Stone.uasset' failed to load '/Game/InfinityBladeEffects/Environments/Breakables/Materials/M_Breakables_Fort_Wall_Destroyed': Can't find file.
[2020.05.09-01.30.49:592][282]LoadErrors: Failed to load /Game/InfinityBladeEffects/Environments/Breakables/Materials/M_Breakables_Fort_Wall_Destroyed.M_Breakables_Fort_Wall_Destroyed Referenced by ParticleModuleRequired_4
[2020.05.09-01.30.49:592][282]LogLinker: Warning: While loading '../../../../../Repos/CGXGrad2020/CGX2020Project/Content/GameContent/IBlade/InfinityBladeEffects/Effects/FX_Breakables/Wall/P_WallBreak_Stone.uasset' failed to load '/Game/InfinityBladeEffects/Environments/Breakables/Materials/M_Breakables_Fort_Wall_Destroyed': Can't find file.
[2020.05.09-01.30.49:592][282]LogLinker: Warning: While loading '../../../../../Repos/CGXGrad2020/CGX2020Project/Content/GameContent/IBlade/InfinityBladeEffects/Effects/FX_Breakables/Wall/P_WallBreak_Stone.uasset' failed to load '/Game/InfinityBladeEffects/Effects/FX_Materials/Smoke/M_Smoke_02_Trans_6X6_INST': Can't find file.
[2020.05.09-01.30.49:592][282]LoadErrors: Failed to load /Game/InfinityBladeEffects/Effects/FX_Materials/Smoke/M_Smoke_02_Trans_6X6_INST.M_Smoke_02_Trans_6X6_INST Referenced by ParticleModuleRequired_5
[2020.05.09-01.30.49:593][282]LogLinker: Warning: While loading '../../../../../Repos/CGXGrad2020/CGX2020Project/Content/GameContent/IBlade/InfinityBladeEffects/Effects/FX_Breakables/Wall/P_WallBreak_Stone.uasset' failed to load '/Game/InfinityBladeEffects/Effects/FX_Materials/Smoke/M_Smoke_02_Trans_6X6_INST': Can't find file.
[2020.05.09-01.30.49:593][282]LogLinker: Warning: While loading '../../../../../Repos/CGXGrad2020/CGX2020Project/Content/GameContent/IBlade/InfinityBladeEffects/Effects/FX_Breakables/Wall/P_WallBreak_Stone.uasset' failed to load '/Game/InfinityBladeEffects/Effects/FX_Materials/M_Shockwave_01_ADD_INST': Can't find file.
[2020.05.09-01.30.49:593][282]LoadErrors: Failed to load /Game/InfinityBladeEffects/Effects/FX_Materials/M_Shockwave_01_ADD_INST.M_Shockwave_01_ADD_INST Referenced by ParticleModuleRequired_6
[2020.05.09-01.30.49:593][282]LogLinker: Warning: While loading '../../../../../Repos/CGXGrad2020/CGX2020Project/Content/GameContent/IBlade/InfinityBladeEffects/Effects/FX_Breakables/Wall/P_WallBreak_Stone.uasset' failed to load '/Game/InfinityBladeEffects/Effects/FX_Materials/M_Shockwave_01_ADD_INST': Can't find file.
[2020.05.09-01.30.49:594][282]LogLinker: Warning: While loading '../../../../../Repos/CGXGrad2020/CGX2020Project/Content/GameContent/IBlade/InfinityBladeEffects/Effects/FX_Breakables/Wall/P_WallBreak_Stone.uasset' failed to load '/Game/InfinityBladeEffects/Environments/Breakables/StaticMesh/Walls/SM_Ice_Fort_Wall_Chunk3DESTROYED': Can't find file.
[2020.05.09-01.30.49:594][282]LoadErrors: Failed to load /Game/InfinityBladeEffects/Environments/Breakables/StaticMesh/Walls/SM_Ice_Fort_Wall_Chunk3DESTROYED.SM_Ice_Fort_Wall_Chunk3DESTROYED Referenced by ParticleModuleTypeDataMesh_0
[2020.05.09-01.30.49:594][282]LogLinker: Warning: While loading '../../../../../Repos/CGXGrad2020/CGX2020Project/Content/GameContent/IBlade/InfinityBladeEffects/Effects/FX_Breakables/Wall/P_WallBreak_Stone.uasset' failed to load '/Game/InfinityBladeEffects/Environments/Breakables/StaticMesh/Walls/SM_Ice_Fort_Wall_Chunk3DESTROYED': Can't find file.
[2020.05.09-01.30.49:594][282]LogLinker: Warning: While loading '../../../../../Repos/CGXGrad2020/CGX2020Project/Content/GameContent/IBlade/InfinityBladeEffects/Effects/FX_Breakables/Wall/P_WallBreak_Stone.uasset' failed to load '/Game/InfinityBladeEffects/Environments/Breakables/StaticMesh/Walls/SM_Ice_Fort_Wall_Chunk4DESTROYED': Can't find file.
[2020.05.09-01.30.49:594][282]LoadErrors: Failed to load /Game/InfinityBladeEffects/Environments/Breakables/StaticMesh/Walls/SM_Ice_Fort_Wall_Chunk4DESTROYED.SM_Ice_Fort_Wall_Chunk4DESTROYED Referenced by ParticleModuleTypeDataMesh_1
[2020.05.09-01.30.49:594][282]LogLinker: Warning: While loading '../../../../../Repos/CGXGrad2020/CGX2020Project/Content/GameContent/IBlade/InfinityBladeEffects/Effects/FX_Breakables/Wall/P_WallBreak_Stone.uasset' failed to load '/Game/InfinityBladeEffects/Environments/Breakables/StaticMesh/Walls/SM_Ice_Fort_Wall_Chunk4DESTROYED': Can't find file.
[2020.05.09-01.30.49:594][282]LogLinker: Warning: While loading '../../../../../Repos/CGXGrad2020/CGX2020Project/Content/GameContent/IBlade/InfinityBladeEffects/Effects/FX_Breakables/Wall/P_WallBreak_Stone.uasset' failed to load '/Game/InfinityBladeEffects/Environments/Breakables/StaticMesh/Walls/SM_Ice_Fort_Wall_Chunk2DESTROYED': Can't find file.
[2020.05.09-01.30.49:594][282]LoadErrors: Failed to load /Game/InfinityBladeEffects/Environments/Breakables/StaticMesh/Walls/SM_Ice_Fort_Wall_Chunk2DESTROYED.SM_Ice_Fort_Wall_Chunk2DESTROYED Referenced by ParticleModuleTypeDataMesh_2
[2020.05.09-01.30.49:594][282]LogLinker: Warning: While loading '../../../../../Repos/CGXGrad2020/CGX2020Project/Content/GameContent/IBlade/InfinityBladeEffects/Effects/FX_Breakables/Wall/P_WallBreak_Stone.uasset' failed to load '/Game/InfinityBladeEffects/Environments/Breakables/StaticMesh/Walls/SM_Ice_Fort_Wall_Chunk2DESTROYED': Can't find file.
[2020.05.09-01.30.49:594][282]LogLinker: Warning: While loading '../../../../../Repos/CGXGrad2020/CGX2020Project/Content/GameContent/IBlade/InfinityBladeEffects/Effects/FX_Breakables/Wall/P_WallBreak_Stone.uasset' failed to load '/Game/InfinityBladeEffects/Environments/Breakables/StaticMesh/Walls/SM_Ice_Fort_Wall_Chunk4DESTROYED': Can't find file.
[2020.05.09-01.30.49:594][282]LoadErrors: Failed to load /Game/InfinityBladeEffects/Environments/Breakables/StaticMesh/Walls/SM_Ice_Fort_Wall_Chunk4DESTROYED.SM_Ice_Fort_Wall_Chunk4DESTROYED Referenced by ParticleModuleTypeDataMesh_3
[2020.05.09-01.30.49:595][282]LogLinker: Warning: While loading '../../../../../Repos/CGXGrad2020/CGX2020Project/Content/GameContent/IBlade/InfinityBladeEffects/Effects/FX_Breakables/Wall/P_WallBreak_Stone.uasset' failed to load '/Game/InfinityBladeEffects/Environments/Breakables/StaticMesh/Walls/SM_Ice_Fort_Wall_Chunk4DESTROYED': Can't find file.
[2020.05.09-01.30.49:896][282]LogAIModule: Creating AISystem for world GameMap_Jon
[2020.05.09-01.30.49:982][282]LogAssetEditorSubsystem: Opening Asset editor for World /Game/GameContent/Maps/GameMap_Jon.GameMap_Jon
[2020.05.09-01.30.50:030][282]LogUObjectHash: Compacting FUObjectHashTables data took   2.70ms
[2020.05.09-01.30.50:031][282]Cmd: MAP LOAD FILE="../../../../../Repos/CGXGrad2020/CGX2020Project/Content/GameContent/Maps/GameMap_Jon.umap" TEMPLATE=0 SHOWPROGRESS=1 FEATURELEVEL=3
[2020.05.09-01.30.50:031][282]LightingResults: New page: Lighting Build
[2020.05.09-01.30.50:032][282]LoadErrors: New page: Loading map: GameMap_Jon.umap
[2020.05.09-01.30.50:033][282]LogWorld: UWorld::CleanupWorld for SideScrollerExampleMap, bSessionEnded=true, bCleanupResources=true
[2020.05.09-01.30.50:033][282]LogSlate: InvalidateAllWidgets triggered.  All widgets were invalidated
[2020.05.09-01.30.50:033][282]MapCheck: New page: Map Check
[2020.05.09-01.30.50:033][282]LightingResults: New page: Lighting Build
[2020.05.09-01.30.50:059][282]LogUObjectHash: Compacting FUObjectHashTables data took   2.10ms
[2020.05.09-01.30.50:349][282]LogEditorServer: Finished looking for orphan Actors (0.000 secs)
[2020.05.09-01.30.50:397][282]LogUObjectHash: Compacting FUObjectHashTables data took   4.00ms
[2020.05.09-01.30.50:426][282]Cmd: MAP CHECKDEP NOCLEARLOG
[2020.05.09-01.30.50:426][282]MapCheck: Map check complete: 0 Error(s), 0 Warning(s), took 0.201ms to complete.
[2020.05.09-01.30.50:426][282]LogFileHelpers: Loading map 'GameMap_Jon' took 0.395
[2020.05.09-01.32.05:699][150]LogEditorViewport: Clicking on Actor (LMB): bp_BreakableWall_C (bp_BreakableWall4)
[2020.05.09-01.32.18:014][476]Cmd: CAMERA ALIGN ACTIVEVIEWPORTONLY
[2020.05.09-01.32.23:769][118]Cmd: DELETE
[2020.05.09-01.32.23:769][118]Cmd: ACTOR DELETE
[2020.05.09-01.32.23:793][118]LogEditorActor: Deleted Actor: Checkpoint_C
[2020.05.09-01.32.23:820][118]LogUObjectHash: Compacting FUObjectHashTables data took   2.06ms
[2020.05.09-01.32.23:825][118]LogEditorActor: Deleted 1 Actors (0.057 secs)
[2020.05.09-01.32.26:855][451]Cmd: CAMERA ALIGN ACTIVEVIEWPORTONLY
[2020.05.09-01.32.30:272][822]Cmd: TRANSACTION UNDO
[2020.05.09-01.32.30:272][822]LogEditorTransaction: Undo Move Actors
[2020.05.09-01.32.33:315][100]Cmd: CAMERA ALIGN ACTIVEVIEWPORTONLY
[2020.05.09-01.32.37:291][535]Cmd: CAMERA ALIGN ACTIVEVIEWPORTONLY
[2020.05.09-01.32.39:327][748]Cmd: CAMERA ALIGN ACTIVEVIEWPORTONLY
[2020.05.09-01.32.45:861][449]Cmd: CAMERA ALIGN ACTIVEVIEWPORTONLY
[2020.05.09-01.33.38:899][493]LogEditorViewport: Clicking on Actor (LMB): BP_DropTrap_Short_C (BP_DropTrap_Short)
[2020.05.09-01.33.39:177][520]Cmd: CAMERA ALIGN ACTIVEVIEWPORTONLY
[2020.05.09-01.33.47:198][359]LogAssetEditorSubsystem: Opening Asset editor for Blueprint /Game/GameContent/StageObjects/BP_DropTrap_Short.BP_DropTrap_Short
[2020.05.09-01.33.47:458][359]LogContentBrowser: Native class hierarchy updated for 'BlueprintGraph' in 0.0007 seconds. Added 121 classes and 0 folders.
[2020.05.09-01.33.50:320][491]LogSlate: Took 0.000315 seconds to synchronously load lazily loaded font '../../../Engine/Content/Slate/Fonts/Roboto-Italic.ttf' (157K)
[2020.05.09-01.34.04:984][647]LogEditorTransaction: Undo Mouse Drag
[2020.05.09-01.34.07:449][856]LogEditorTransaction: Undo Mouse Drag
[2020.05.09-01.34.32:733][496]BlueprintLog: New page: Compile BP_DropTrap_Short
[2020.05.09-01.34.33:041][496]LogUObjectHash: Compacting FUObjectHashTables data took   4.22ms
[2020.05.09-01.34.33:590][531]Cmd: OBJ SAVEPACKAGE PACKAGE="/Game/GameContent/StageObjects/BP_DropTrap_Short" FILE="../../../../../Repos/CGXGrad2020/CGX2020Project/Content/GameContent/StageObjects/BP_DropTrap_Short.uasset" SILENT=true
[2020.05.09-01.34.33:628][531]LogSavePackage: Moving '../../../../../Repos/CGXGrad2020/CGX2020Project/Saved/BP_DropTrap_Short0815C0554AA5430043FB21B2ADC479A0.tmp' to '../../../../../Repos/CGXGrad2020/CGX2020Project/Content/GameContent/StageObjects/BP_DropTrap_Short.uasset'
[2020.05.09-01.34.33:655][531]AssetCheck: New page: Asset Save: BP_DropTrap_Short
[2020.05.09-01.34.33:655][531]LogContentValidation: Display: Validating Blueprint /Game/GameContent/StageObjects/BP_DropTrap_Short.BP_DropTrap_Short
[2020.05.09-01.34.45:138][400]BlueprintLog: New page: Compile BP_DropTrap_Short
[2020.05.09-01.34.45:438][400]LogUObjectHash: Compacting FUObjectHashTables data took   4.29ms
[2020.05.09-01.34.57:494][738]LogUObjectHash: Compacting FUObjectHashTables data took   4.28ms
[2020.05.09-01.34.57:881][738]LogSavePackage: Moving '../../../../../Repos/CGXGrad2020/CGX2020Project/Saved/GameMap_Jon11D6D1E444B34D6BC9E3B9B6B02B89CD.tmp' to '../../../../../Repos/CGXGrad2020/CGX2020Project/Content/GameContent/Maps/GameMap_Jon.umap'
[2020.05.09-01.34.57:928][738]AssetCheck: New page: Asset Save: GameMap_Jon
[2020.05.09-01.34.57:928][738]LogContentValidation: Display: Validating World /Game/GameContent/Maps/GameMap_Jon.GameMap_Jon
[2020.05.09-01.35.09:660][705]LogEditorViewport: Clicking on Actor (LMB): Spike_Long_C (Spike_Long16)
[2020.05.09-01.35.25:151][958]LogTemp: Repeating last play command: Selected Viewport
[2020.05.09-01.35.25:164][958]LogPlayLevel: PlayLevel: No blueprints needed recompiling
[2020.05.09-01.35.25:164][958]PIE: New page: PIE session: GameMap_Jon (May 8, 2020, 5:35:25 p.m.)
[2020.05.09-01.35.25:165][958]LogOnline: OSS: Creating online subsystem instance for: NULL
[2020.05.09-01.35.25:166][958]LogOnline: OSS: TryLoadSubsystemAndSetDefault: Loaded subsystem for module [NULL]
[2020.05.09-01.35.25:166][958]LogPlayLevel: Creating play world package: /Game/GameContent/Maps/UEDPIE_0_GameMap_Jon
[2020.05.09-01.35.25:234][958]LogPlayLevel: PIE: StaticDuplicateObject took: (0.067327s)
[2020.05.09-01.35.25:235][958]LogAIModule: Creating AISystem for world GameMap_Jon
[2020.05.09-01.35.25:235][958]LogPlayLevel: PIE: World Init took: (0.001294s)
[2020.05.09-01.35.25:236][958]LogPlayLevel: PIE: Created PIE world by copying editor world from /Game/GameContent/Maps/GameMap_Jon.GameMap_Jon to /Game/GameContent/Maps/UEDPIE_0_GameMap_Jon.GameMap_Jon (0.069254s)
[2020.05.09-01.35.25:269][958]LogUObjectHash: Compacting FUObjectHashTables data took   3.01ms
[2020.05.09-01.35.25:271][958]LogAudioMixer: Display: Audio Mixer Platform Settings:
[2020.05.09-01.35.25:271][958]LogAudioMixer: Display: 	Sample Rate:						  48000
[2020.05.09-01.35.25:271][958]LogAudioMixer: Display: 	Callback Buffer Frame Size Requested: 1024
[2020.05.09-01.35.25:271][958]LogAudioMixer: Display: 	Callback Buffer Frame Size To Use:	  1024
[2020.05.09-01.35.25:271][958]LogAudioMixer: Display: 	Number of buffers to queue:			  2
[2020.05.09-01.35.25:271][958]LogAudioMixer: Display: 	Max Channels (voices):				  32
[2020.05.09-01.35.25:271][958]LogAudioMixer: Display: 	Number of Async Source Workers:		  0
[2020.05.09-01.35.25:271][958]LogAudio: Display: AudioDevice MaxSources: 32
[2020.05.09-01.35.25:271][958]LogAudio: Display: Using built-in audio occlusion.
[2020.05.09-01.35.25:271][958]LogAudioMixer: Display: Initializing audio mixer.
[2020.05.09-01.35.25:431][958]LogAudioMixer: Display: Audio Device Output Speaker Info:
[2020.05.09-01.35.25:431][958]LogAudioMixer: Display: Name: Headset Earphone (HyperX 7.1 Audio)
[2020.05.09-01.35.25:431][958]LogAudioMixer: Display: Is Default: Yes
[2020.05.09-01.35.25:431][958]LogAudioMixer: Display: Sample Rate: 44100
[2020.05.09-01.35.25:431][958]LogAudioMixer: Display: Channel Count Used: 2
[2020.05.09-01.35.25:431][958]LogAudioMixer: Display: Device Channel Count: 2
[2020.05.09-01.35.25:431][958]LogAudioMixer: Display: Channel Order:
[2020.05.09-01.35.25:431][958]LogAudioMixer: Display: 0: FrontLeft
[2020.05.09-01.35.25:431][958]LogAudioMixer: Display: 1: FrontRight
[2020.05.09-01.35.25:452][958]LogAudioMixer: Display: Using Audio Device Headset Earphone (HyperX 7.1 Audio)
[2020.05.09-01.35.25:454][958]LogInit: FAudioDevice initialized.
[2020.05.09-01.35.25:468][958]LogLoad: Game class is 'CustomGameMode_C'
[2020.05.09-01.35.25:517][958]LogWorld: Bringing World /Game/GameContent/Maps/UEDPIE_0_GameMap_Jon.GameMap_Jon up for play (max tick rate 0) at 2020.05.08-21.35.25
[2020.05.09-01.35.25:519][958]LogWorld: Bringing up level for play took: 0.050290
[2020.05.09-01.35.25:519][958]LogOnline: OSS: Creating online subsystem instance for: :Context_3
[2020.05.09-01.35.25:522][958]LogContentBrowser: Native class hierarchy updated for 'MovieSceneCapture' in 0.0005 seconds. Added 20 classes and 0 folders.
[2020.05.09-01.35.25:525][958]PIE: Play in editor start time for /Game/GameContent/Maps/UEDPIE_0_GameMap_Jon 0.615
[2020.05.09-01.35.31:248][446]LogBlueprintUserMessages: [Kori_2] BP_JumpableWall12
[2020.05.09-01.35.48:828][ 14]LogAudioMixer: Display: No commands were queued while flushing the source manager.
[2020.05.09-01.35.48:837][ 14]LogAudioMixer: Display: Flush succeeded in the source manager command queue (1).
[2020.05.09-01.35.48:857][ 14]LogAudioMixer: Display: Flush succeeded the source manager command queue (2).
[2020.05.09-01.35.48:857][ 14]LogSlate: Updating window title bar state: overlay mode, drag disabled, window buttons hidden, title bar hidden
[2020.05.09-01.35.48:857][ 14]LogWorld: BeginTearingDown for /Game/GameContent/Maps/UEDPIE_0_GameMap_Jon
[2020.05.09-01.35.48:857][ 14]LogAudioMixer: Display: No commands were queued while flushing the source manager.
[2020.05.09-01.35.48:858][ 14]LogWorld: UWorld::CleanupWorld for GameMap_Jon, bSessionEnded=true, bCleanupResources=true
[2020.05.09-01.35.48:864][ 14]LogSlate: InvalidateAllWidgets triggered.  All widgets were invalidated
[2020.05.09-01.35.48:872][ 14]LogPlayLevel: Display: Shutting down PIE online subsystems
[2020.05.09-01.35.48:880][ 14]LogSlate: InvalidateAllWidgets triggered.  All widgets were invalidated
[2020.05.09-01.35.48:920][ 14]LogAudioMixer: Display: No commands were queued while flushing the source manager.
[2020.05.09-01.35.48:925][ 14]LogSlate: Updating window title bar state: overlay mode, drag disabled, window buttons hidden, title bar hidden
[2020.05.09-01.35.48:961][ 14]LogUObjectHash: Compacting FUObjectHashTables data took   4.29ms
[2020.05.09-01.35.49:016][ 15]LogPlayLevel: Display: Destroying online subsystem :Context_3
[2020.05.09-01.35.52:923][383]LogEditorViewport: Clicking on Actor (LMB): EnemySpawner_C (EnemySpawner2)
[2020.05.09-01.36.06:320][470]LogEditorViewport: Clicking on Actor (LMB): StaticMeshActor (SM_towerwall946)
[2020.05.09-01.37.06:002][926]LogUObjectHash: Compacting FUObjectHashTables data took   3.45ms
[2020.05.09-01.37.06:077][926]LogUObjectHash: Compacting FUObjectHashTables data took   1.24ms
[2020.05.09-01.37.06:467][926]LogSavePackage: Moving '../../../../../Repos/CGXGrad2020/CGX2020Project/Saved/GameMap_JonF7A115C64FB11B14222EFFABDDD3A0F3.tmp' to '../../../../../Repos/CGXGrad2020/CGX2020Project/Content/GameContent/Maps/GameMap_Jon.umap'
[2020.05.09-01.37.06:497][926]LogFileHelpers: Saving map 'GameMap_Jon' took 0.460
[2020.05.09-01.37.06:506][926]Cmd: OBJ SAVEPACKAGE PACKAGE="/Game/GameContent/StageObjects/BP_DropTrap_Short" FILE="../../../../../Repos/CGXGrad2020/CGX2020Project/Content/GameContent/StageObjects/BP_DropTrap_Short.uasset" SILENT=true
[2020.05.09-01.37.06:535][926]LogSavePackage: Moving '../../../../../Repos/CGXGrad2020/CGX2020Project/Saved/BP_DropTrap_ShortE9F3B6FB40228A2927949A89112F11A0.tmp' to '../../../../../Repos/CGXGrad2020/CGX2020Project/Content/GameContent/StageObjects/BP_DropTrap_Short.uasset'
[2020.05.09-01.37.06:564][926]AssetCheck: New page: Asset Save: multiple assets
[2020.05.09-01.37.06:564][926]LogContentValidation: Display: Validating World /Game/GameContent/Maps/GameMap_Jon.GameMap_Jon
[2020.05.09-01.37.06:564][926]LogContentValidation: Display: Validating Blueprint /Game/GameContent/StageObjects/BP_DropTrap_Short.BP_DropTrap_Short
